#-----------------------------------------------------------
# Vivado v2022.2 (64-bit)
# SW Build 3671981 on Fri Oct 14 05:00:03 MDT 2022
# IP Build 3669848 on Fri Oct 14 08:30:02 MDT 2022
# Start of session at: Fri Dec 13 03:37:40 2024
# Process ID: 35436
# Current directory: C:/Users/dant0/Desktop/lab6/lab6_1
# Command line: vivado.exe -gui_launcher_event rodinguilauncherevent6360 C:\Users\dant0\Desktop\lab6\lab6_1\lab6_1.xpr
# Log file: C:/Users/dant0/Desktop/lab6/lab6_1/vivado.log
# Journal file: C:/Users/dant0/Desktop/lab6/lab6_1\vivado.jou
# Running On: DESKTOP-3OBC3CP, OS: Windows, CPU Frequency: 3610 MHz, CPU Physical cores: 12, Host memory: 34120 MB
#-----------------------------------------------------------
start_gui
open_project C:/Users/dant0/Desktop/lab6/lab6_1/lab6_1.xpr
WARNING: [Board 49-26] cannot add Board Part xilinx.com:ac701:part0:1.4 available at C:/Xilinx/Vivado/2022.2/data/xhub/boards/XilinxBoardStore/boards/Xilinx/ac701/1.4/board.xml as part xc7a200tfbg676-2 specified in board_part file is either invalid or not available
WARNING: [Board 49-26] cannot add Board Part xilinx.com:k26c:part0:1.2 available at C:/Xilinx/Vivado/2022.2/data/xhub/boards/XilinxBoardStore/boards/Xilinx/k26c/1.2/board.xml as part xck26-sfvc784-2lv-c specified in board_part file is either invalid or not available
WARNING: [Board 49-26] cannot add Board Part xilinx.com:k26c:part0:1.3 available at C:/Xilinx/Vivado/2022.2/data/xhub/boards/XilinxBoardStore/boards/Xilinx/k26c/1.3/board.xml as part xck26-sfvc784-2lv-c specified in board_part file is either invalid or not available
WARNING: [Board 49-26] cannot add Board Part xilinx.com:k26c:part0:1.4 available at C:/Xilinx/Vivado/2022.2/data/xhub/boards/XilinxBoardStore/boards/Xilinx/k26c/1.4/board.xml as part xck26-sfvc784-2lv-c specified in board_part file is either invalid or not available
WARNING: [Board 49-26] cannot add Board Part xilinx.com:k26i:part0:1.2 available at C:/Xilinx/Vivado/2022.2/data/xhub/boards/XilinxBoardStore/boards/Xilinx/k26i/1.2/board.xml as part xck26-sfvc784-2lvi-i specified in board_part file is either invalid or not available
WARNING: [Board 49-26] cannot add Board Part xilinx.com:k26i:part0:1.3 available at C:/Xilinx/Vivado/2022.2/data/xhub/boards/XilinxBoardStore/boards/Xilinx/k26i/1.3/board.xml as part xck26-sfvc784-2lvi-i specified in board_part file is either invalid or not available
WARNING: [Board 49-26] cannot add Board Part xilinx.com:k26i:part0:1.4 available at C:/Xilinx/Vivado/2022.2/data/xhub/boards/XilinxBoardStore/boards/Xilinx/k26i/1.4/board.xml as part xck26-sfvc784-2lvi-i specified in board_part file is either invalid or not available
WARNING: [Board 49-26] cannot add Board Part xilinx.com:kc705:part0:1.6 available at C:/Xilinx/Vivado/2022.2/data/xhub/boards/XilinxBoardStore/boards/Xilinx/kc705/1.6/board.xml as part xc7k325tffg900-2 specified in board_part file is either invalid or not available
WARNING: [Board 49-26] cannot add Board Part xilinx.com:kcu105:part0:1.6 available at C:/Xilinx/Vivado/2022.2/data/xhub/boards/XilinxBoardStore/boards/Xilinx/kcu105/1.6/board.xml as part xcku040-ffva1156-2-e specified in board_part file is either invalid or not available
WARNING: [Board 49-26] cannot add Board Part xilinx.com:kcu105:part0:1.7 available at C:/Xilinx/Vivado/2022.2/data/xhub/boards/XilinxBoardStore/boards/Xilinx/kcu105/1.7/board.xml as part xcku040-ffva1156-2-e specified in board_part file is either invalid or not available
WARNING: [Board 49-26] cannot add Board Part xilinx.com:kcu116:part0:1.4 available at C:/Xilinx/Vivado/2022.2/data/xhub/boards/XilinxBoardStore/boards/Xilinx/kcu116/1.4/board.xml as part xcku5p-ffvb676-2-e specified in board_part file is either invalid or not available
WARNING: [Board 49-26] cannot add Board Part xilinx.com:kcu116:part0:1.5 available at C:/Xilinx/Vivado/2022.2/data/xhub/boards/XilinxBoardStore/boards/Xilinx/kcu116/1.5/board.xml as part xcku5p-ffvb676-2-e specified in board_part file is either invalid or not available
WARNING: [Board 49-26] cannot add Board Part xilinx.com:kcu1500:part0:1.2 available at C:/Xilinx/Vivado/2022.2/data/xhub/boards/XilinxBoardStore/boards/Xilinx/kcu1500/1.2/board.xml as part xcku115-flvb2104-2-e specified in board_part file is either invalid or not available
WARNING: [Board 49-26] cannot add Board Part xilinx.com:kr260_som:part0:1.0 available at C:/Xilinx/Vivado/2022.2/data/xhub/boards/XilinxBoardStore/boards/Xilinx/kr260_som/1.0/board.xml as part xck26-sfvc784-2lv-c specified in board_part file is either invalid or not available
WARNING: [Board 49-26] cannot add Board Part xilinx.com:kr260_som:part0:1.1 available at C:/Xilinx/Vivado/2022.2/data/xhub/boards/XilinxBoardStore/boards/Xilinx/kr260_som/1.1/board.xml as part xck26-sfvc784-2lv-c specified in board_part file is either invalid or not available
WARNING: [Board 49-26] cannot add Board Part xilinx.com:kv260_som:part0:1.2 available at C:/Xilinx/Vivado/2022.2/data/xhub/boards/XilinxBoardStore/boards/Xilinx/kv260_som/1.2/board.xml as part xck26-sfvc784-2lv-c specified in board_part file is either invalid or not available
WARNING: [Board 49-26] cannot add Board Part xilinx.com:kv260_som:part0:1.3 available at C:/Xilinx/Vivado/2022.2/data/xhub/boards/XilinxBoardStore/boards/Xilinx/kv260_som/1.3/board.xml as part xck26-sfvc784-2lv-c specified in board_part file is either invalid or not available
WARNING: [Board 49-26] cannot add Board Part xilinx.com:kv260_som:part0:1.4 available at C:/Xilinx/Vivado/2022.2/data/xhub/boards/XilinxBoardStore/boards/Xilinx/kv260_som/1.4/board.xml as part xck26-sfvc784-2lv-c specified in board_part file is either invalid or not available
WARNING: [Board 49-26] cannot add Board Part xilinx.com:vc707:part0:1.4 available at C:/Xilinx/Vivado/2022.2/data/xhub/boards/XilinxBoardStore/boards/Xilinx/vc707/1.4/board.xml as part xc7vx485tffg1761-2 specified in board_part file is either invalid or not available
WARNING: [Board 49-26] cannot add Board Part xilinx.com:vc709:part0:1.8 available at C:/Xilinx/Vivado/2022.2/data/xhub/boards/XilinxBoardStore/boards/Xilinx/vc709/1.8/board.xml as part xc7vx690tffg1761-2 specified in board_part file is either invalid or not available
WARNING: [Board 49-26] cannot add Board Part xilinx.com:vck190:part0:2.2 available at C:/Xilinx/Vivado/2022.2/data/xhub/boards/XilinxBoardStore/boards/Xilinx/vck190/production/2.2/board.xml as part xcvc1902-vsva2197-2mp-e-s specified in board_part file is either invalid or not available
WARNING: [Board 49-26] cannot add Board Part xilinx.com:vck190:part0:3.0 available at C:/Xilinx/Vivado/2022.2/data/xhub/boards/XilinxBoardStore/boards/Xilinx/vck190/production/3.0/board.xml as part xcvc1902-vsva2197-2mp-e-s specified in board_part file is either invalid or not available
WARNING: [Board 49-26] cannot add Board Part xilinx.com:vck190:part0:3.1 available at C:/Xilinx/Vivado/2022.2/data/xhub/boards/XilinxBoardStore/boards/Xilinx/vck190/production/3.1/board.xml as part xcvc1902-vsva2197-2mp-e-s specified in board_part file is either invalid or not available
WARNING: [Board 49-26] cannot add Board Part xilinx.com:vck190_newl:part0:1.0 available at C:/Xilinx/Vivado/2022.2/data/xhub/boards/XilinxBoardStore/boards/Xilinx/vck190_newl/production/1.0/board.xml as part xcvc1902-vsva2197-2mp-e-s specified in board_part file is either invalid or not available
WARNING: [Board 49-26] cannot add Board Part xilinx.com:vcu108:part0:1.6 available at C:/Xilinx/Vivado/2022.2/data/xhub/boards/XilinxBoardStore/boards/Xilinx/vcu108/1.6/board.xml as part xcvu095-ffva2104-2-e specified in board_part file is either invalid or not available
WARNING: [Board 49-26] cannot add Board Part xilinx.com:vcu108:part0:1.7 available at C:/Xilinx/Vivado/2022.2/data/xhub/boards/XilinxBoardStore/boards/Xilinx/vcu108/1.7/board.xml as part xcvu095-ffva2104-2-e specified in board_part file is either invalid or not available
WARNING: [Board 49-26] cannot add Board Part xilinx.com:vcu110:part0:1.4 available at C:/Xilinx/Vivado/2022.2/data/xhub/boards/XilinxBoardStore/boards/Xilinx/vcu110/1.4/board.xml as part xcvu190-flgc2104-2-e specified in board_part file is either invalid or not available
WARNING: [Board 49-26] cannot add Board Part xilinx.com:vcu118:part0:2.0 available at C:/Xilinx/Vivado/2022.2/data/xhub/boards/XilinxBoardStore/boards/Xilinx/vcu118/2.0/board.xml as part xcvu9p-flga2104-2l-e specified in board_part file is either invalid or not available
WARNING: [Board 49-26] cannot add Board Part xilinx.com:vcu118:part0:2.3 available at C:/Xilinx/Vivado/2022.2/data/xhub/boards/XilinxBoardStore/boards/Xilinx/vcu118/2.3/board.xml as part xcvu9p-flga2104-2l-e specified in board_part file is either invalid or not available
WARNING: [Board 49-26] cannot add Board Part xilinx.com:vcu118:part0:2.4 available at C:/Xilinx/Vivado/2022.2/data/xhub/boards/XilinxBoardStore/boards/Xilinx/vcu118/2.4/board.xml as part xcvu9p-flga2104-2l-e specified in board_part file is either invalid or not available
WARNING: [Board 49-26] cannot add Board Part xilinx.com:vcu128:part0:1.0 available at C:/Xilinx/Vivado/2022.2/data/xhub/boards/XilinxBoardStore/boards/Xilinx/vcu128/production/1.0/board.xml as part xcvu37p-fsvh2892-2l-e specified in board_part file is either invalid or not available
WARNING: [Board 49-26] cannot add Board Part xilinx.com:vcu129:part0:1.0 available at C:/Xilinx/Vivado/2022.2/data/xhub/boards/XilinxBoardStore/boards/Xilinx/vcu129/production/1.0/board.xml as part xcvu29p-fsga2577-2l-e specified in board_part file is either invalid or not available
WARNING: [Board 49-26] cannot add Board Part xilinx.com:vcu1525:part0:1.3 available at C:/Xilinx/Vivado/2022.2/data/xhub/boards/XilinxBoardStore/boards/Xilinx/vcu1525/1.3/board.xml as part xcvu9p-fsgd2104-2l-e specified in board_part file is either invalid or not available
WARNING: [Board 49-26] cannot add Board Part xilinx.com:vek280_es:part0:1.0 available at C:/Xilinx/Vivado/2022.2/data/xhub/boards/XilinxBoardStore/boards/Xilinx/vek280/es/1.0/board.xml as part xcve2802-vsvh1760-2lp-e-s-es1 specified in board_part file is either invalid or not available
WARNING: [Board 49-26] cannot add Board Part xilinx.com:vermeo_t1_mpsoc:part0:1.0 available at C:/Xilinx/Vivado/2022.2/data/xhub/boards/XilinxBoardStore/boards/Xilinx/vermeo_t1_mpsoc/1.0/board.xml as part xczu19eg-ffvd1760-2l-e specified in board_part file is either invalid or not available
WARNING: [Board 49-26] cannot add Board Part xilinx.com:vermeo_t1_rfsoc:part0:1.0 available at C:/Xilinx/Vivado/2022.2/data/xhub/boards/XilinxBoardStore/boards/Xilinx/vermeo_t1_rfsoc/1.0/board.xml as part xczu21dr-ffvd1156-2l-e specified in board_part file is either invalid or not available
WARNING: [Board 49-26] cannot add Board Part xilinx.com:vhk158_es:part0:1.0 available at C:/Xilinx/Vivado/2022.2/data/xhub/boards/XilinxBoardStore/boards/Xilinx/vhk158/es/1.0/board.xml as part xcvh1582-vsva3697-2mp-e-s-es1 specified in board_part file is either invalid or not available
WARNING: [Board 49-26] cannot add Board Part xilinx.com:vmk180:part0:2.2 available at C:/Xilinx/Vivado/2022.2/data/xhub/boards/XilinxBoardStore/boards/Xilinx/vmk180/production/2.2/board.xml as part xcvm1802-vsva2197-2mp-e-s specified in board_part file is either invalid or not available
WARNING: [Board 49-26] cannot add Board Part xilinx.com:vmk180:part0:3.0 available at C:/Xilinx/Vivado/2022.2/data/xhub/boards/XilinxBoardStore/boards/Xilinx/vmk180/production/3.0/board.xml as part xcvm1802-vsva2197-2mp-e-s specified in board_part file is either invalid or not available
WARNING: [Board 49-26] cannot add Board Part xilinx.com:vmk180:part0:3.1 available at C:/Xilinx/Vivado/2022.2/data/xhub/boards/XilinxBoardStore/boards/Xilinx/vmk180/production/3.1/board.xml as part xcvm1802-vsva2197-2mp-e-s specified in board_part file is either invalid or not available
WARNING: [Board 49-26] cannot add Board Part xilinx.com:vmk180_newl:part0:1.0 available at C:/Xilinx/Vivado/2022.2/data/xhub/boards/XilinxBoardStore/boards/Xilinx/vmk180_newl/production/1.0/board.xml as part xcvm1802-vsva2197-2mp-e-s specified in board_part file is either invalid or not available
WARNING: [Board 49-26] cannot add Board Part xilinx.com:vpk120:part0:1.0 available at C:/Xilinx/Vivado/2022.2/data/xhub/boards/XilinxBoardStore/boards/Xilinx/vpk120/production/1.0/board.xml as part xcvp1202-vsva2785-2mp-e-s specified in board_part file is either invalid or not available
WARNING: [Board 49-26] cannot add Board Part xilinx.com:vpk120_es:part0:1.2 available at C:/Xilinx/Vivado/2022.2/data/xhub/boards/XilinxBoardStore/boards/Xilinx/vpk120/es/1.2/board.xml as part xcvp1202-vsva2785-2mp-e-s-es1 specified in board_part file is either invalid or not available
WARNING: [Board 49-26] cannot add Board Part xilinx.com:vpk120_es_revb:part0:1.0 available at C:/Xilinx/Vivado/2022.2/data/xhub/boards/XilinxBoardStore/boards/Xilinx/vpk120_revb/es/1.0/board.xml as part xcvp1202-vsva2785-2mp-e-s-es1 specified in board_part file is either invalid or not available
WARNING: [Board 49-26] cannot add Board Part xilinx.com:vpk180_es:part0:1.0 available at C:/Xilinx/Vivado/2022.2/data/xhub/boards/XilinxBoardStore/boards/Xilinx/vpk180/es/1.0/board.xml as part xcvp1802-lsvc4072-2mp-e-s-es1 specified in board_part file is either invalid or not available
WARNING: [Board 49-26] cannot add Board Part xilinx.com:zc702:part0:1.4 available at C:/Xilinx/Vivado/2022.2/data/xhub/boards/XilinxBoardStore/boards/Xilinx/zc702/1.4/board.xml as part xc7z020clg484-1 specified in board_part file is either invalid or not available
WARNING: [Board 49-26] cannot add Board Part xilinx.com:zc706:part0:1.4 available at C:/Xilinx/Vivado/2022.2/data/xhub/boards/XilinxBoardStore/boards/Xilinx/zc706/1.4/board.xml as part xc7z045ffg900-2 specified in board_part file is either invalid or not available
WARNING: [Board 49-26] cannot add Board Part xilinx.com:zcu102:part0:3.3 available at C:/Xilinx/Vivado/2022.2/data/xhub/boards/XilinxBoardStore/boards/Xilinx/zcu102/3.3/board.xml as part xczu9eg-ffvb1156-2-e specified in board_part file is either invalid or not available
WARNING: [Board 49-26] cannot add Board Part xilinx.com:zcu102:part0:3.4 available at C:/Xilinx/Vivado/2022.2/data/xhub/boards/XilinxBoardStore/boards/Xilinx/zcu102/3.4/board.xml as part xczu9eg-ffvb1156-2-e specified in board_part file is either invalid or not available
WARNING: [Board 49-26] cannot add Board Part xilinx.com:zcu104:part0:1.1 available at C:/Xilinx/Vivado/2022.2/data/xhub/boards/XilinxBoardStore/boards/Xilinx/zcu104/1.1/board.xml as part xczu7ev-ffvc1156-2-e specified in board_part file is either invalid or not available
WARNING: [Board 49-26] cannot add Board Part xilinx.com:zcu106:part0:2.4 available at C:/Xilinx/Vivado/2022.2/data/xhub/boards/XilinxBoardStore/boards/Xilinx/zcu106/2.4/board.xml as part xczu7ev-ffvc1156-2-e specified in board_part file is either invalid or not available
WARNING: [Board 49-26] cannot add Board Part xilinx.com:zcu106:part0:2.5 available at C:/Xilinx/Vivado/2022.2/data/xhub/boards/XilinxBoardStore/boards/Xilinx/zcu106/2.5/board.xml as part xczu7ev-ffvc1156-2-e specified in board_part file is either invalid or not available
WARNING: [Board 49-26] cannot add Board Part xilinx.com:zcu106:part0:2.6 available at C:/Xilinx/Vivado/2022.2/data/xhub/boards/XilinxBoardStore/boards/Xilinx/zcu106/2.6/board.xml as part xczu7ev-ffvc1156-2-e specified in board_part file is either invalid or not available
WARNING: [Board 49-26] cannot add Board Part xilinx.com:zcu111:part0:1.2 available at C:/Xilinx/Vivado/2022.2/data/xhub/boards/XilinxBoardStore/boards/Xilinx/zcu111/1.2/board.xml as part xczu28dr-ffvg1517-2-e specified in board_part file is either invalid or not available
WARNING: [Board 49-26] cannot add Board Part xilinx.com:zcu111:part0:1.3 available at C:/Xilinx/Vivado/2022.2/data/xhub/boards/XilinxBoardStore/boards/Xilinx/zcu111/1.3/board.xml as part xczu28dr-ffvg1517-2-e specified in board_part file is either invalid or not available
WARNING: [Board 49-26] cannot add Board Part xilinx.com:zcu111:part0:1.4 available at C:/Xilinx/Vivado/2022.2/data/xhub/boards/XilinxBoardStore/boards/Xilinx/zcu111/1.4/board.xml as part xczu28dr-ffvg1517-2-e specified in board_part file is either invalid or not available
WARNING: [Board 49-26] cannot add Board Part xilinx.com:zcu1275:part0:1.0 available at C:/Xilinx/Vivado/2022.2/data/xhub/boards/XilinxBoardStore/boards/Xilinx/zcu1275/1.0/board.xml as part xczu29dr-ffvf1760-2-e specified in board_part file is either invalid or not available
WARNING: [Board 49-26] cannot add Board Part xilinx.com:zcu1285:part0:1.0 available at C:/Xilinx/Vivado/2022.2/data/xhub/boards/XilinxBoardStore/boards/Xilinx/zcu1285/1.0/board.xml as part xczu39dr-ffvf1760-2-i specified in board_part file is either invalid or not available
WARNING: [Board 49-26] cannot add Board Part xilinx.com:zcu208:part0:2.0 available at C:/Xilinx/Vivado/2022.2/data/xhub/boards/XilinxBoardStore/boards/Xilinx/zcu208/production/2.0/board.xml as part xczu48dr-fsvg1517-2-e specified in board_part file is either invalid or not available
WARNING: [Board 49-26] cannot add Board Part xilinx.com:zcu208ld:part0:2.0 available at C:/Xilinx/Vivado/2022.2/data/xhub/boards/XilinxBoardStore/boards/Xilinx/zcu208ld/production/2.0/board.xml as part xczu58dr-fsvg1517-2-i specified in board_part file is either invalid or not available
WARNING: [Board 49-26] cannot add Board Part xilinx.com:zcu216:part0:2.0 available at C:/Xilinx/Vivado/2022.2/data/xhub/boards/XilinxBoardStore/boards/Xilinx/zcu216/production/2.0/board.xml as part xczu49dr-ffvf1760-2-e specified in board_part file is either invalid or not available
WARNING: [Board 49-26] cannot add Board Part xilinx.com:zcu216ld:part0:2.0 available at C:/Xilinx/Vivado/2022.2/data/xhub/boards/XilinxBoardStore/boards/Xilinx/zcu216ld/production/2.0/board.xml as part xczu59dr-ffvf1760-2-i specified in board_part file is either invalid or not available
WARNING: [Board 49-26] cannot add Board Part xilinx.com:zcu670:part0:2.0 available at C:/Xilinx/Vivado/2022.2/data/xhub/boards/XilinxBoardStore/boards/Xilinx/zcu670/2.0/board.xml as part xczu67dr-fsve1156-2-i specified in board_part file is either invalid or not available
WARNING: [Board 49-26] cannot add Board Part xilinx.com:zcu670ld:part0:1.0 available at C:/Xilinx/Vivado/2022.2/data/xhub/boards/XilinxBoardStore/boards/Xilinx/zcu670ld/1.0/board.xml as part xczu57dr-fsve1156-2-i specified in board_part file is either invalid or not available
Scanning sources...
Finished scanning sources
INFO: [IP_Flow 19-234] Refreshing IP repositories
INFO: [IP_Flow 19-1700] Loaded user IP repository 'c:/Users/dant0/Desktop/lab6/lab6_2_provided/hdmi_tx_1.0'.
INFO: [IP_Flow 19-2313] Loaded Vivado IP repository 'C:/Xilinx/Vivado/2022.2/data/ip'.
open_project: Time (s): cpu = 00:00:14 ; elapsed = 00:00:07 . Memory (MB): peak = 1276.637 ; gain = 285.234
update_compile_order -fileset sources_1
export_ip_user_files -of_objects  [get_files {{c:/Users/dant0/font rom generator/sprite_data.coe}}] -no_script -reset -force -quiet
remove_files  {{c:/Users/dant0/font rom generator/sprite_data.coe}}
update_compile_order -fileset sources_1
launch_runs impl_1 -to_step write_bitstream -jobs 10
INFO: [IP_Flow 19-1686] Generating 'Synthesis' target for IP 'sprite_rom'...
ERROR: [Ipptcl 7-519] NULL COE Data pointer: Unable to open the file 
ERROR: [Common 17-39] 'ipgui::get_coe_val' failed due to earlier errors.
CRITICAL WARNING: [IP_Flow 19-1747] Failed to deliver file 'c:/Xilinx/Vivado/2022.2/data/ip/xilinx/dist_mem_gen_v8_0/hdl/mem_init_file.xit': ERROR: [Common 17-39] 'ipgui::get_coe_val' failed due to earlier errors.

ERROR: [IP_Flow 19-167] Failed to deliver one or more file(s).
ERROR: [IP_Flow 19-3505] IP Generation error: Failed to generate IP 'sprite_rom'. Failed to generate 'Vivado VHDL Synthesis' outputs: 
ERROR: [IP_Flow 19-98] Generation of the IP CORE failed.
Failed to generate IP 'sprite_rom'. Failed to generate 'Vivado VHDL Synthesis' outputs: 
launch_runs impl_1 -to_step write_bitstream -jobs 10
INFO: [IP_Flow 19-1686] Generating 'Synthesis' target for IP 'sprite_rom'...
ERROR: [Ipptcl 7-519] NULL COE Data pointer: Unable to open the file 
ERROR: [Common 17-39] 'ipgui::get_coe_val' failed due to earlier errors.
CRITICAL WARNING: [IP_Flow 19-1747] Failed to deliver file 'c:/Xilinx/Vivado/2022.2/data/ip/xilinx/dist_mem_gen_v8_0/hdl/mem_init_file.xit': ERROR: [Common 17-39] 'ipgui::get_coe_val' failed due to earlier errors.

ERROR: [IP_Flow 19-167] Failed to deliver one or more file(s).
ERROR: [IP_Flow 19-3505] IP Generation error: Failed to generate IP 'sprite_rom'. Failed to generate 'Vivado VHDL Synthesis' outputs: 
ERROR: [IP_Flow 19-98] Generation of the IP CORE failed.
Failed to generate IP 'sprite_rom'. Failed to generate 'Vivado VHDL Synthesis' outputs: 
set_property CONFIG.coefficient_file {C:/Users/dant0/Desktop/font rom generator/sprite_data.coe} [get_ips sprite_rom]
INFO: [IP_Flow 19-3484] Absolute path of file 'c:/Users/dant0/Desktop/font rom generator/sprite_data.coe' provided. It will be converted relative to IP Instance files '../../../../../../font rom generator/sprite_data.coe'
generate_target all [get_files  C:/Users/dant0/Desktop/lab6/lab6_1/lab6_1.srcs/sources_1/ip/sprite_rom/sprite_rom.xci]
INFO: [IP_Flow 19-1686] Generating 'Instantiation Template' target for IP 'sprite_rom'...
INFO: [IP_Flow 19-1686] Generating 'Synthesis' target for IP 'sprite_rom'...
INFO: [IP_Flow 19-1686] Generating 'Simulation' target for IP 'sprite_rom'...
INFO: [IP_Flow 19-1686] Generating 'Change Log' target for IP 'sprite_rom'...
catch { config_ip_cache -export [get_ips -all sprite_rom] }
INFO: [IP_Flow 19-6924] IPCACHE: Running cache check for IP inst: sprite_rom
export_ip_user_files -of_objects [get_files C:/Users/dant0/Desktop/lab6/lab6_1/lab6_1.srcs/sources_1/ip/sprite_rom/sprite_rom.xci] -no_script -sync -force -quiet
launch_runs sprite_rom_synth_1 -jobs 10
INFO: [IP_Flow 19-6924] IPCACHE: Running cache check for IP inst: sprite_rom
[Fri Dec 13 03:42:32 2024] Launched sprite_rom_synth_1...
Run output will be captured here: C:/Users/dant0/Desktop/lab6/lab6_1/lab6_1.runs/sprite_rom_synth_1/runme.log
export_simulation -of_objects [get_files C:/Users/dant0/Desktop/lab6/lab6_1/lab6_1.srcs/sources_1/ip/sprite_rom/sprite_rom.xci] -directory C:/Users/dant0/Desktop/lab6/lab6_1/lab6_1.ip_user_files/sim_scripts -ip_user_files_dir C:/Users/dant0/Desktop/lab6/lab6_1/lab6_1.ip_user_files -ipstatic_source_dir C:/Users/dant0/Desktop/lab6/lab6_1/lab6_1.ip_user_files/ipstatic -lib_map_path [list {modelsim=C:/Users/dant0/Desktop/lab6/lab6_1/lab6_1.cache/compile_simlib/modelsim} {questa=C:/Users/dant0/Desktop/lab6/lab6_1/lab6_1.cache/compile_simlib/questa} {riviera=C:/Users/dant0/Desktop/lab6/lab6_1/lab6_1.cache/compile_simlib/riviera} {activehdl=C:/Users/dant0/Desktop/lab6/lab6_1/lab6_1.cache/compile_simlib/activehdl}] -use_ip_compiled_libs -force -quiet
launch_runs impl_1 -to_step write_bitstream -jobs 10
[Fri Dec 13 03:43:12 2024] Launched synth_1...
Run output will be captured here: C:/Users/dant0/Desktop/lab6/lab6_1/lab6_1.runs/synth_1/runme.log
[Fri Dec 13 03:43:12 2024] Launched impl_1...
Run output will be captured here: C:/Users/dant0/Desktop/lab6/lab6_1/lab6_1.runs/impl_1/runme.log
export_ip_user_files -of_objects  [get_files {{C:/Users/dant0/Desktop/font rom generator/sprite_data.coe}}] -no_script -reset -force -quiet
remove_files  {{C:/Users/dant0/Desktop/font rom generator/sprite_data.coe}}
set_property CONFIG.coefficient_file {C:/Users/dant0/Desktop/font rom generator/sprite_data.coe} [get_ips sprite_rom]
INFO: [IP_Flow 19-3484] Absolute path of file 'c:/Users/dant0/Desktop/font rom generator/sprite_data.coe' provided. It will be converted relative to IP Instance files '../../../../../../font rom generator/sprite_data.coe'
export_ip_user_files -of_objects  [get_files C:/Users/dant0/Desktop/lab6/lab6_1/lab6_1.srcs/sources_1/ip/sprite_rom/sprite_rom.xci] -no_script -reset -force -quiet
remove_files  -fileset sprite_rom C:/Users/dant0/Desktop/lab6/lab6_1/lab6_1.srcs/sources_1/ip/sprite_rom/sprite_rom.xci
INFO: [Project 1-386] Moving file 'C:/Users/dant0/Desktop/lab6/lab6_1/lab6_1.srcs/sources_1/ip/sprite_rom/sprite_rom.xci' from fileset 'sprite_rom' to fileset 'sources_1'.
create_ip -name dist_mem_gen -vendor xilinx.com -library ip -version 8.0 -module_name dist_mem_gen_0
set_property -dict [list \
  CONFIG.coefficient_file {C:/Users/dant0/Desktop/font rom generator/sprite_data.coe} \
  CONFIG.data_width {12} \
  CONFIG.depth {4096} \
  CONFIG.memory_type {rom} \
] [get_ips dist_mem_gen_0]
INFO: [IP_Flow 19-3484] Absolute path of file 'c:/Users/dant0/Desktop/font rom generator/sprite_data.coe' provided. It will be converted relative to IP Instance files '../../../../../../font rom generator/sprite_data.coe'
generate_target {instantiation_template} [get_files c:/Users/dant0/Desktop/lab6/lab6_1/lab6_1.srcs/sources_1/ip/dist_mem_gen_0/dist_mem_gen_0.xci]
INFO: [IP_Flow 19-1686] Generating 'Instantiation Template' target for IP 'dist_mem_gen_0'...
generate_target all [get_files  c:/Users/dant0/Desktop/lab6/lab6_1/lab6_1.srcs/sources_1/ip/dist_mem_gen_0/dist_mem_gen_0.xci]
INFO: [IP_Flow 19-1686] Generating 'Synthesis' target for IP 'dist_mem_gen_0'...
INFO: [IP_Flow 19-1686] Generating 'Simulation' target for IP 'dist_mem_gen_0'...
INFO: [IP_Flow 19-1686] Generating 'Change Log' target for IP 'dist_mem_gen_0'...
catch { config_ip_cache -export [get_ips -all dist_mem_gen_0] }
INFO: [IP_Flow 19-6924] IPCACHE: Running cache check for IP inst: dist_mem_gen_0
export_ip_user_files -of_objects [get_files c:/Users/dant0/Desktop/lab6/lab6_1/lab6_1.srcs/sources_1/ip/dist_mem_gen_0/dist_mem_gen_0.xci] -no_script -sync -force -quiet
create_ip_run [get_files -of_objects [get_fileset sources_1] c:/Users/dant0/Desktop/lab6/lab6_1/lab6_1.srcs/sources_1/ip/dist_mem_gen_0/dist_mem_gen_0.xci]
launch_runs dist_mem_gen_0_synth_1 -jobs 10
INFO: [IP_Flow 19-6924] IPCACHE: Running cache check for IP inst: dist_mem_gen_0
[Fri Dec 13 03:45:45 2024] Launched dist_mem_gen_0_synth_1...
Run output will be captured here: C:/Users/dant0/Desktop/lab6/lab6_1/lab6_1.runs/dist_mem_gen_0_synth_1/runme.log
export_simulation -of_objects [get_files c:/Users/dant0/Desktop/lab6/lab6_1/lab6_1.srcs/sources_1/ip/dist_mem_gen_0/dist_mem_gen_0.xci] -directory C:/Users/dant0/Desktop/lab6/lab6_1/lab6_1.ip_user_files/sim_scripts -ip_user_files_dir C:/Users/dant0/Desktop/lab6/lab6_1/lab6_1.ip_user_files -ipstatic_source_dir C:/Users/dant0/Desktop/lab6/lab6_1/lab6_1.ip_user_files/ipstatic -lib_map_path [list {modelsim=C:/Users/dant0/Desktop/lab6/lab6_1/lab6_1.cache/compile_simlib/modelsim} {questa=C:/Users/dant0/Desktop/lab6/lab6_1/lab6_1.cache/compile_simlib/questa} {riviera=C:/Users/dant0/Desktop/lab6/lab6_1/lab6_1.cache/compile_simlib/riviera} {activehdl=C:/Users/dant0/Desktop/lab6/lab6_1/lab6_1.cache/compile_simlib/activehdl}] -use_ip_compiled_libs -force -quiet
export_ip_user_files -of_objects  [get_files c:/Users/dant0/Desktop/lab6/lab6_1/lab6_1.srcs/sources_1/ip/dist_mem_gen_0/dist_mem_gen_0.xci] -no_script -reset -force -quiet
remove_files  -fileset dist_mem_gen_0 c:/Users/dant0/Desktop/lab6/lab6_1/lab6_1.srcs/sources_1/ip/dist_mem_gen_0/dist_mem_gen_0.xci
INFO: [Project 1-386] Moving file 'c:/Users/dant0/Desktop/lab6/lab6_1/lab6_1.srcs/sources_1/ip/dist_mem_gen_0/dist_mem_gen_0.xci' from fileset 'dist_mem_gen_0' to fileset 'sources_1'.
create_ip -name dist_mem_gen -vendor xilinx.com -library ip -version 8.0 -module_name sprite_rom
set_property -dict [list \
  CONFIG.Component_Name {sprite_rom} \
  CONFIG.coefficient_file {C:/Users/dant0/Desktop/font rom generator/sprite_data.coe} \
  CONFIG.data_width {12} \
  CONFIG.depth {4096} \
  CONFIG.memory_type {rom} \
] [get_ips sprite_rom]
WARNING: [Vivado 12-3523] Attempt to change 'Component_Name' from 'sprite_rom' to 'sprite_rom' is not allowed and is ignored.
INFO: [IP_Flow 19-3484] Absolute path of file 'c:/Users/dant0/Desktop/font rom generator/sprite_data.coe' provided. It will be converted relative to IP Instance files '../../../../../../font rom generator/sprite_data.coe'
generate_target {instantiation_template} [get_files c:/Users/dant0/Desktop/lab6/lab6_1/lab6_1.srcs/sources_1/ip/sprite_rom_1/sprite_rom.xci]
INFO: [IP_Flow 19-1686] Generating 'Instantiation Template' target for IP 'sprite_rom'...
generate_target all [get_files  c:/Users/dant0/Desktop/lab6/lab6_1/lab6_1.srcs/sources_1/ip/sprite_rom_1/sprite_rom.xci]
INFO: [IP_Flow 19-1686] Generating 'Synthesis' target for IP 'sprite_rom'...
INFO: [IP_Flow 19-1686] Generating 'Simulation' target for IP 'sprite_rom'...
INFO: [IP_Flow 19-1686] Generating 'Change Log' target for IP 'sprite_rom'...
catch { config_ip_cache -export [get_ips -all sprite_rom] }
INFO: [IP_Flow 19-6924] IPCACHE: Running cache check for IP inst: sprite_rom
export_ip_user_files -of_objects [get_files c:/Users/dant0/Desktop/lab6/lab6_1/lab6_1.srcs/sources_1/ip/sprite_rom_1/sprite_rom.xci] -no_script -sync -force -quiet
create_ip_run [get_files -of_objects [get_fileset sources_1] c:/Users/dant0/Desktop/lab6/lab6_1/lab6_1.srcs/sources_1/ip/sprite_rom_1/sprite_rom.xci]
launch_runs sprite_rom_synth_1 -jobs 10
INFO: [IP_Flow 19-6924] IPCACHE: Running cache check for IP inst: sprite_rom
[Fri Dec 13 03:47:57 2024] Launched sprite_rom_synth_1...
Run output will be captured here: C:/Users/dant0/Desktop/lab6/lab6_1/lab6_1.runs/sprite_rom_synth_1/runme.log
export_simulation -of_objects [get_files c:/Users/dant0/Desktop/lab6/lab6_1/lab6_1.srcs/sources_1/ip/sprite_rom_1/sprite_rom.xci] -directory C:/Users/dant0/Desktop/lab6/lab6_1/lab6_1.ip_user_files/sim_scripts -ip_user_files_dir C:/Users/dant0/Desktop/lab6/lab6_1/lab6_1.ip_user_files -ipstatic_source_dir C:/Users/dant0/Desktop/lab6/lab6_1/lab6_1.ip_user_files/ipstatic -lib_map_path [list {modelsim=C:/Users/dant0/Desktop/lab6/lab6_1/lab6_1.cache/compile_simlib/modelsim} {questa=C:/Users/dant0/Desktop/lab6/lab6_1/lab6_1.cache/compile_simlib/questa} {riviera=C:/Users/dant0/Desktop/lab6/lab6_1/lab6_1.cache/compile_simlib/riviera} {activehdl=C:/Users/dant0/Desktop/lab6/lab6_1/lab6_1.cache/compile_simlib/activehdl}] -use_ip_compiled_libs -force -quiet
reset_run synth_1
WARNING: [Vivado 12-1017] Problems encountered:
1. Failed to delete one or more files in run directory C:/Users/dant0/Desktop/lab6/lab6_1/lab6_1.runs/synth_1

launch_runs impl_1 -to_step write_bitstream -jobs 10
[Fri Dec 13 03:48:07 2024] Launched sprite_rom_synth_1, synth_1...
Run output will be captured here:
sprite_rom_synth_1: C:/Users/dant0/Desktop/lab6/lab6_1/lab6_1.runs/sprite_rom_synth_1/runme.log
synth_1: C:/Users/dant0/Desktop/lab6/lab6_1/lab6_1.runs/synth_1/runme.log
[Fri Dec 13 03:48:07 2024] Launched impl_1...
Run output will be captured here: C:/Users/dant0/Desktop/lab6/lab6_1/lab6_1.runs/impl_1/runme.log
reset_run synth_1
launch_runs impl_1 -to_step write_bitstream -jobs 10
[Fri Dec 13 03:50:39 2024] Launched synth_1...
Run output will be captured here: C:/Users/dant0/Desktop/lab6/lab6_1/lab6_1.runs/synth_1/runme.log
[Fri Dec 13 03:50:39 2024] Launched impl_1...
Run output will be captured here: C:/Users/dant0/Desktop/lab6/lab6_1/lab6_1.runs/impl_1/runme.log
reset_run synth_1
launch_runs impl_1 -to_step write_bitstream -jobs 10
[Fri Dec 13 03:52:41 2024] Launched synth_1...
Run output will be captured here: C:/Users/dant0/Desktop/lab6/lab6_1/lab6_1.runs/synth_1/runme.log
[Fri Dec 13 03:52:41 2024] Launched impl_1...
Run output will be captured here: C:/Users/dant0/Desktop/lab6/lab6_1/lab6_1.runs/impl_1/runme.log
write_hw_platform -fixed -include_bit -force -file C:/Users/dant0/Desktop/minesweeper_pray/mb_usb_hdmi_top.xsa
INFO: [Project 1-1918] Creating Hardware Platform: C:/Users/dant0/Desktop/minesweeper_pray/mb_usb_hdmi_top.xsa ...
INFO: [Project 1-1943] The Hardware Platform can be used for Hardware
INFO: [Project 1-1941] Successfully created Hardware Platform: C:/Users/dant0/Desktop/minesweeper_pray/mb_usb_hdmi_top.xsa
INFO: [Hsi 55-2053] elapsed time for repository (C:/Xilinx/Vivado/2022.2/data/embeddedsw) loading 0 seconds
INFO: [Vivado 12-8231] Launching Vitis
INFO: [Vivado 12-417] Running vitis
INFO: [Vivado 12-8232] Vitis launch initiated. Please check console for any further messages.
exit
INFO: [Common 17-206] Exiting Vivado at Fri Dec 13 04:00:26 2024...
