TRACE::2024-11-19.20:15:22::SCWPlatform::Trying to open the hw design at D:/Desktop/lab6/workspace/mb_usb_hdmi_top/hw/mb_usb_hdmi_top.xsa
TRACE::2024-11-19.20:15:22::SCWPlatform::DSA given D:/Desktop/lab6/workspace/mb_usb_hdmi_top/hw/mb_usb_hdmi_top.xsa
TRACE::2024-11-19.20:15:22::SCWPlatform::DSA absoulate path D:/Desktop/lab6/workspace/mb_usb_hdmi_top/hw/mb_usb_hdmi_top.xsa
TRACE::2024-11-19.20:15:22::SCWPlatform::DSA directory D:/Desktop/lab6/workspace/mb_usb_hdmi_top/hw
TRACE::2024-11-19.20:15:22::SCWPlatform:: Platform Path D:/Desktop/lab6/workspace/mb_usb_hdmi_top/hw/mb_usb_hdmi_top.xsa
TRACE::2024-11-19.20:15:22::SCWPlatform:: Unique name xilinx:::0.0
TRACE::2024-11-19.20:15:22::SCWPlatform::Do not have an existing db opened. 
TRACE::2024-11-19.20:15:23::SCWPlatform::Opened new HwDB with name mb_usb_hdmi_top_0
TRACE::2024-11-19.20:15:23::SCWWriter::formatted JSON is {
	"platformName":	"mb_usb_hdmi_top",
	"sprVersion":	"2.0",
	"mode":	"gui",
	"dsaType":	"Fixed",
	"platformDesc":	"mb_usb_hdmi_top",
	"platHandOff":	"D:/Desktop/lab6/lab6_1/mb_usb_hdmi_top.xsa",
	"platIntHandOff":	"<platformDir>/hw/mb_usb_hdmi_top.xsa",
	"deviceType":	"FPGA",
	"platIsPrebuiltAutogen":	"false",
	"platIsNoBootBsp":	"false",
	"hasFsblMakeHasChanges":	"false",
	"hasPmufwMakeHasChanges":	"false",
	"platPreBuiltFlag":	false,
	"platformSamplesDir":	""
}
TRACE::2024-11-19.20:15:23::SCWWriter::formatted JSON is {
	"platformName":	"mb_usb_hdmi_top",
	"sprVersion":	"2.0",
	"mode":	"gui",
	"dsaType":	"Fixed",
	"platformDesc":	"mb_usb_hdmi_top",
	"platHandOff":	"D:/Desktop/lab6/lab6_1/mb_usb_hdmi_top.xsa",
	"platIntHandOff":	"<platformDir>/hw/mb_usb_hdmi_top.xsa",
	"deviceType":	"FPGA",
	"platIsPrebuiltAutogen":	"false",
	"platIsNoBootBsp":	"false",
	"hasFsblMakeHasChanges":	"false",
	"hasPmufwMakeHasChanges":	"false",
	"platPreBuiltFlag":	false,
	"platformSamplesDir":	"",
	"platActiveSys":	"mb_usb_hdmi_top",
	"systems":	[{
			"systemName":	"mb_usb_hdmi_top",
			"systemDesc":	"mb_usb_hdmi_top",
			"sysIsBootAutoGen":	"true",
			"systemDispName":	"mb_usb_hdmi_top"
		}]
}
TRACE::2024-11-19.20:15:23::SCWPlatform::Boot application domains not present, creating them
TRACE::2024-11-19.20:15:23::SCWPlatform::Pure FPGA device, no boot application will be created.
TRACE::2024-11-19.20:15:23::SCWWriter::formatted JSON is {
	"platformName":	"mb_usb_hdmi_top",
	"sprVersion":	"2.0",
	"mode":	"gui",
	"dsaType":	"Fixed",
	"platformDesc":	"mb_usb_hdmi_top",
	"platHandOff":	"D:/Desktop/lab6/lab6_1/mb_usb_hdmi_top.xsa",
	"platIntHandOff":	"<platformDir>/hw/mb_usb_hdmi_top.xsa",
	"deviceType":	"FPGA",
	"platIsPrebuiltAutogen":	"false",
	"platIsNoBootBsp":	"false",
	"hasFsblMakeHasChanges":	"false",
	"hasPmufwMakeHasChanges":	"false",
	"platPreBuiltFlag":	false,
	"platformSamplesDir":	"",
	"platActiveSys":	"mb_usb_hdmi_top",
	"systems":	[{
			"systemName":	"mb_usb_hdmi_top",
			"systemDesc":	"mb_usb_hdmi_top",
			"sysIsBootAutoGen":	"true",
			"systemDispName":	"mb_usb_hdmi_top"
		}]
}
TRACE::2024-11-19.20:15:23::SCWWriter::formatted JSON is {
	"platformName":	"mb_usb_hdmi_top",
	"sprVersion":	"2.0",
	"mode":	"gui",
	"dsaType":	"Fixed",
	"platformDesc":	"mb_usb_hdmi_top",
	"platHandOff":	"D:/Desktop/lab6/lab6_1/mb_usb_hdmi_top.xsa",
	"platIntHandOff":	"<platformDir>/hw/mb_usb_hdmi_top.xsa",
	"deviceType":	"FPGA",
	"platIsPrebuiltAutogen":	"false",
	"platIsNoBootBsp":	"false",
	"hasFsblMakeHasChanges":	"false",
	"hasPmufwMakeHasChanges":	"false",
	"platPreBuiltFlag":	false,
	"platformSamplesDir":	"",
	"platActiveSys":	"mb_usb_hdmi_top",
	"systems":	[{
			"systemName":	"mb_usb_hdmi_top",
			"systemDesc":	"mb_usb_hdmi_top",
			"sysIsBootAutoGen":	"true",
			"systemDispName":	"mb_usb_hdmi_top"
		}]
}
TRACE::2024-11-19.20:15:23::SCWPlatform::Trying to open the hw design at D:/Desktop/lab6/workspace/mb_usb_hdmi_top/hw/mb_usb_hdmi_top.xsa
TRACE::2024-11-19.20:15:23::SCWPlatform::DSA given D:/Desktop/lab6/workspace/mb_usb_hdmi_top/hw/mb_usb_hdmi_top.xsa
TRACE::2024-11-19.20:15:23::SCWPlatform::DSA absoulate path D:/Desktop/lab6/workspace/mb_usb_hdmi_top/hw/mb_usb_hdmi_top.xsa
TRACE::2024-11-19.20:15:23::SCWPlatform::DSA directory D:/Desktop/lab6/workspace/mb_usb_hdmi_top/hw
TRACE::2024-11-19.20:15:23::SCWPlatform:: Platform Path D:/Desktop/lab6/workspace/mb_usb_hdmi_top/hw/mb_usb_hdmi_top.xsa
TRACE::2024-11-19.20:15:23::SCWPlatform:: Unique name xilinx:::0.0
TRACE::2024-11-19.20:15:23::SCWPlatform::Trying to set the existing hwdb with name mb_usb_hdmi_top_0
TRACE::2024-11-19.20:15:23::SCWPlatform::Opened existing hwdb mb_usb_hdmi_top_0
TRACE::2024-11-19.20:15:23::SCWPlatform::Found the Hw Db part of the input DSA
TRACE::2024-11-19.20:15:23::SCWPlatform::Trying to open the hw design at D:/Desktop/lab6/workspace/mb_usb_hdmi_top/hw/mb_usb_hdmi_top.xsa
TRACE::2024-11-19.20:15:23::SCWPlatform::DSA given D:/Desktop/lab6/workspace/mb_usb_hdmi_top/hw/mb_usb_hdmi_top.xsa
TRACE::2024-11-19.20:15:23::SCWPlatform::DSA absoulate path D:/Desktop/lab6/workspace/mb_usb_hdmi_top/hw/mb_usb_hdmi_top.xsa
TRACE::2024-11-19.20:15:23::SCWPlatform::DSA directory D:/Desktop/lab6/workspace/mb_usb_hdmi_top/hw
TRACE::2024-11-19.20:15:23::SCWPlatform:: Platform Path D:/Desktop/lab6/workspace/mb_usb_hdmi_top/hw/mb_usb_hdmi_top.xsa
TRACE::2024-11-19.20:15:23::SCWPlatform:: Unique name xilinx:::0.0
TRACE::2024-11-19.20:15:23::SCWPlatform::Trying to set the existing hwdb with name mb_usb_hdmi_top_0
TRACE::2024-11-19.20:15:23::SCWPlatform::Opened existing hwdb mb_usb_hdmi_top_0
TRACE::2024-11-19.20:15:23::SCWPlatform::Found the Hw Db part of the input DSA
TRACE::2024-11-19.20:15:23::SCWDomain::checking for install qemu data   : 
TRACE::2024-11-19.20:15:23::SCWPlatform::Trying to open the hw design at D:/Desktop/lab6/workspace/mb_usb_hdmi_top/hw/mb_usb_hdmi_top.xsa
TRACE::2024-11-19.20:15:23::SCWPlatform::DSA given D:/Desktop/lab6/workspace/mb_usb_hdmi_top/hw/mb_usb_hdmi_top.xsa
TRACE::2024-11-19.20:15:23::SCWPlatform::DSA absoulate path D:/Desktop/lab6/workspace/mb_usb_hdmi_top/hw/mb_usb_hdmi_top.xsa
TRACE::2024-11-19.20:15:23::SCWPlatform::DSA directory D:/Desktop/lab6/workspace/mb_usb_hdmi_top/hw
TRACE::2024-11-19.20:15:23::SCWPlatform:: Platform Path D:/Desktop/lab6/workspace/mb_usb_hdmi_top/hw/mb_usb_hdmi_top.xsa
TRACE::2024-11-19.20:15:23::SCWPlatform:: Unique name xilinx:::0.0
TRACE::2024-11-19.20:15:23::SCWPlatform::Trying to set the existing hwdb with name mb_usb_hdmi_top_0
TRACE::2024-11-19.20:15:23::SCWPlatform::Opened existing hwdb mb_usb_hdmi_top_0
TRACE::2024-11-19.20:15:23::SCWPlatform::Found the Hw Db part of the input DSA
TRACE::2024-11-19.20:15:23::SCWPlatform::Trying to open the hw design at D:/Desktop/lab6/workspace/mb_usb_hdmi_top/hw/mb_usb_hdmi_top.xsa
TRACE::2024-11-19.20:15:23::SCWPlatform::DSA given D:/Desktop/lab6/workspace/mb_usb_hdmi_top/hw/mb_usb_hdmi_top.xsa
TRACE::2024-11-19.20:15:23::SCWPlatform::DSA absoulate path D:/Desktop/lab6/workspace/mb_usb_hdmi_top/hw/mb_usb_hdmi_top.xsa
TRACE::2024-11-19.20:15:23::SCWPlatform::DSA directory D:/Desktop/lab6/workspace/mb_usb_hdmi_top/hw
TRACE::2024-11-19.20:15:23::SCWPlatform:: Platform Path D:/Desktop/lab6/workspace/mb_usb_hdmi_top/hw/mb_usb_hdmi_top.xsa
TRACE::2024-11-19.20:15:23::SCWPlatform:: Unique name xilinx:::0.0
TRACE::2024-11-19.20:15:23::SCWPlatform::Trying to set the existing hwdb with name mb_usb_hdmi_top_0
TRACE::2024-11-19.20:15:23::SCWPlatform::Opened existing hwdb mb_usb_hdmi_top_0
TRACE::2024-11-19.20:15:23::SCWPlatform::Found the Hw Db part of the input DSA
TRACE::2024-11-19.20:15:23::SCWPlatform::Trying to open the hw design at D:/Desktop/lab6/workspace/mb_usb_hdmi_top/hw/mb_usb_hdmi_top.xsa
TRACE::2024-11-19.20:15:23::SCWPlatform::DSA given D:/Desktop/lab6/workspace/mb_usb_hdmi_top/hw/mb_usb_hdmi_top.xsa
TRACE::2024-11-19.20:15:23::SCWPlatform::DSA absoulate path D:/Desktop/lab6/workspace/mb_usb_hdmi_top/hw/mb_usb_hdmi_top.xsa
TRACE::2024-11-19.20:15:23::SCWPlatform::DSA directory D:/Desktop/lab6/workspace/mb_usb_hdmi_top/hw
TRACE::2024-11-19.20:15:23::SCWPlatform:: Platform Path D:/Desktop/lab6/workspace/mb_usb_hdmi_top/hw/mb_usb_hdmi_top.xsa
TRACE::2024-11-19.20:15:23::SCWPlatform:: Unique name xilinx:::0.0
TRACE::2024-11-19.20:15:23::SCWPlatform::Trying to set the existing hwdb with name mb_usb_hdmi_top_0
TRACE::2024-11-19.20:15:23::SCWPlatform::Opened existing hwdb mb_usb_hdmi_top_0
TRACE::2024-11-19.20:15:23::SCWPlatform::Found the Hw Db part of the input DSA
TRACE::2024-11-19.20:15:23::SCWMssOS::Checking the sw design at  D:/Desktop/lab6/workspace/mb_usb_hdmi_top/microblaze_0/standalone_microblaze_0/bsp/system.mss
TRACE::2024-11-19.20:15:23::SCWMssOS::DEBUG:  swdes dump  
TRACE::2024-11-19.20:15:23::SCWMssOS::No sw design opened at  D:/Desktop/lab6/workspace/mb_usb_hdmi_top/microblaze_0/standalone_microblaze_0/bsp/system.mss
TRACE::2024-11-19.20:15:23::SCWMssOS::mss does not exists at D:/Desktop/lab6/workspace/mb_usb_hdmi_top/microblaze_0/standalone_microblaze_0/bsp/system.mss
TRACE::2024-11-19.20:15:23::SCWMssOS::Creating sw design at  D:/Desktop/lab6/workspace/mb_usb_hdmi_top/microblaze_0/standalone_microblaze_0/bsp/system.mss
TRACE::2024-11-19.20:15:23::SCWMssOS::Adding the swdes entry, created swdb D:/Desktop/lab6/workspace/mb_usb_hdmi_top/microblaze_0/standalone_microblaze_0/bsp/system.mss with des name D:/Desktop/lab6/workspace/mb_usb_hdmi_top/microblaze_0/standalone_microblaze_0/bsp/system.mss
TRACE::2024-11-19.20:15:23::SCWMssOS::updating the scw layer changes to swdes at   D:/Desktop/lab6/workspace/mb_usb_hdmi_top/microblaze_0/standalone_microblaze_0/bsp/system.mss
TRACE::2024-11-19.20:15:23::SCWMssOS::Writing mss at D:/Desktop/lab6/workspace/mb_usb_hdmi_top/microblaze_0/standalone_microblaze_0/bsp/system.mss
TRACE::2024-11-19.20:15:23::SCWMssOS::Completed writing the mss file at D:/Desktop/lab6/workspace/mb_usb_hdmi_top/microblaze_0/standalone_microblaze_0/bsp
TRACE::2024-11-19.20:15:23::SCWMssOS::Picking up changes from newly written mss file into SCW Layer. 
TRACE::2024-11-19.20:15:23::SCWMssOS::Updated the changes from newly written mss file into SCW Layer. 
TRACE::2024-11-19.20:15:23::SCWMssOS::Completed writing the mss file at D:/Desktop/lab6/workspace/mb_usb_hdmi_top/microblaze_0/standalone_microblaze_0/bsp
TRACE::2024-11-19.20:15:23::SCWMssOS::Forcing BSP Sources regeneration.
TRACE::2024-11-19.20:15:23::SCWMssOS::Saving the mss changes D:/Desktop/lab6/workspace/mb_usb_hdmi_top/microblaze_0/standalone_microblaze_0/bsp/system.mss
TRACE::2024-11-19.20:15:23::SCWMssOS::Adding the swdes entry, mss present, able to open swdb D:/Desktop/lab6/workspace/mb_usb_hdmi_top/microblaze_0/standalone_microblaze_0/bsp/system.mss with des name system
TRACE::2024-11-19.20:15:23::SCWMssOS::Writing the mss file completed D:/Desktop/lab6/workspace/mb_usb_hdmi_top/microblaze_0/standalone_microblaze_0/bsp/system.mss
TRACE::2024-11-19.20:15:23::SCWMssOS::Commit changes completed.
TRACE::2024-11-19.20:15:23::SCWPlatform::Trying to open the hw design at D:/Desktop/lab6/workspace/mb_usb_hdmi_top/hw/mb_usb_hdmi_top.xsa
TRACE::2024-11-19.20:15:23::SCWPlatform::DSA given D:/Desktop/lab6/workspace/mb_usb_hdmi_top/hw/mb_usb_hdmi_top.xsa
TRACE::2024-11-19.20:15:23::SCWPlatform::DSA absoulate path D:/Desktop/lab6/workspace/mb_usb_hdmi_top/hw/mb_usb_hdmi_top.xsa
TRACE::2024-11-19.20:15:23::SCWPlatform::DSA directory D:/Desktop/lab6/workspace/mb_usb_hdmi_top/hw
TRACE::2024-11-19.20:15:23::SCWPlatform:: Platform Path D:/Desktop/lab6/workspace/mb_usb_hdmi_top/hw/mb_usb_hdmi_top.xsa
TRACE::2024-11-19.20:15:23::SCWPlatform:: Unique name xilinx:::0.0
TRACE::2024-11-19.20:15:23::SCWPlatform::Trying to set the existing hwdb with name mb_usb_hdmi_top_0
TRACE::2024-11-19.20:15:23::SCWPlatform::Opened existing hwdb mb_usb_hdmi_top_0
TRACE::2024-11-19.20:15:23::SCWPlatform::Found the Hw Db part of the input DSA
TRACE::2024-11-19.20:15:23::SCWMssOS::Checking the sw design at  D:/Desktop/lab6/workspace/mb_usb_hdmi_top/microblaze_0/standalone_microblaze_0/bsp/system.mss
TRACE::2024-11-19.20:15:23::SCWMssOS::DEBUG:  swdes dump  D:/Desktop/lab6/workspace/mb_usb_hdmi_top/microblaze_0/standalone_microblaze_0/bsp/system.mss|system||

TRACE::2024-11-19.20:15:23::SCWMssOS::Sw design exists and opened at  D:/Desktop/lab6/workspace/mb_usb_hdmi_top/microblaze_0/standalone_microblaze_0/bsp/system.mss
TRACE::2024-11-19.20:15:23::SCWPlatform::Trying to open the hw design at D:/Desktop/lab6/workspace/mb_usb_hdmi_top/hw/mb_usb_hdmi_top.xsa
TRACE::2024-11-19.20:15:23::SCWPlatform::DSA given D:/Desktop/lab6/workspace/mb_usb_hdmi_top/hw/mb_usb_hdmi_top.xsa
TRACE::2024-11-19.20:15:23::SCWPlatform::DSA absoulate path D:/Desktop/lab6/workspace/mb_usb_hdmi_top/hw/mb_usb_hdmi_top.xsa
TRACE::2024-11-19.20:15:23::SCWPlatform::DSA directory D:/Desktop/lab6/workspace/mb_usb_hdmi_top/hw
TRACE::2024-11-19.20:15:23::SCWPlatform:: Platform Path D:/Desktop/lab6/workspace/mb_usb_hdmi_top/hw/mb_usb_hdmi_top.xsa
TRACE::2024-11-19.20:15:23::SCWPlatform:: Unique name xilinx:::0.0
TRACE::2024-11-19.20:15:23::SCWPlatform::Trying to set the existing hwdb with name mb_usb_hdmi_top_0
TRACE::2024-11-19.20:15:23::SCWPlatform::Opened existing hwdb mb_usb_hdmi_top_0
TRACE::2024-11-19.20:15:23::SCWPlatform::Found the Hw Db part of the input DSA
TRACE::2024-11-19.20:15:23::SCWMssOS::Checking the sw design at  D:/Desktop/lab6/workspace/mb_usb_hdmi_top/microblaze_0/standalone_microblaze_0/bsp/system.mss
TRACE::2024-11-19.20:15:23::SCWMssOS::DEBUG:  swdes dump  D:/Desktop/lab6/workspace/mb_usb_hdmi_top/microblaze_0/standalone_microblaze_0/bsp/system.mss|system||

TRACE::2024-11-19.20:15:23::SCWMssOS::Sw design exists and opened at  D:/Desktop/lab6/workspace/mb_usb_hdmi_top/microblaze_0/standalone_microblaze_0/bsp/system.mss
TRACE::2024-11-19.20:15:23::SCWPlatform::Trying to open the hw design at D:/Desktop/lab6/workspace/mb_usb_hdmi_top/hw/mb_usb_hdmi_top.xsa
TRACE::2024-11-19.20:15:23::SCWPlatform::DSA given D:/Desktop/lab6/workspace/mb_usb_hdmi_top/hw/mb_usb_hdmi_top.xsa
TRACE::2024-11-19.20:15:23::SCWPlatform::DSA absoulate path D:/Desktop/lab6/workspace/mb_usb_hdmi_top/hw/mb_usb_hdmi_top.xsa
TRACE::2024-11-19.20:15:23::SCWPlatform::DSA directory D:/Desktop/lab6/workspace/mb_usb_hdmi_top/hw
TRACE::2024-11-19.20:15:23::SCWPlatform:: Platform Path D:/Desktop/lab6/workspace/mb_usb_hdmi_top/hw/mb_usb_hdmi_top.xsa
TRACE::2024-11-19.20:15:23::SCWPlatform:: Unique name xilinx:::0.0
TRACE::2024-11-19.20:15:23::SCWPlatform::Trying to set the existing hwdb with name mb_usb_hdmi_top_0
TRACE::2024-11-19.20:15:23::SCWPlatform::Opened existing hwdb mb_usb_hdmi_top_0
TRACE::2024-11-19.20:15:23::SCWPlatform::Found the Hw Db part of the input DSA
TRACE::2024-11-19.20:15:23::SCWMssOS::Checking the sw design at  D:/Desktop/lab6/workspace/mb_usb_hdmi_top/microblaze_0/standalone_microblaze_0/bsp/system.mss
TRACE::2024-11-19.20:15:23::SCWMssOS::DEBUG:  swdes dump  D:/Desktop/lab6/workspace/mb_usb_hdmi_top/microblaze_0/standalone_microblaze_0/bsp/system.mss|system||

TRACE::2024-11-19.20:15:23::SCWMssOS::Sw design exists and opened at  D:/Desktop/lab6/workspace/mb_usb_hdmi_top/microblaze_0/standalone_microblaze_0/bsp/system.mss
TRACE::2024-11-19.20:15:23::SCWWriter::formatted JSON is {
	"platformName":	"mb_usb_hdmi_top",
	"sprVersion":	"2.0",
	"mode":	"gui",
	"dsaType":	"Fixed",
	"platformDesc":	"mb_usb_hdmi_top",
	"platHandOff":	"D:/Desktop/lab6/lab6_1/mb_usb_hdmi_top.xsa",
	"platIntHandOff":	"<platformDir>/hw/mb_usb_hdmi_top.xsa",
	"deviceType":	"FPGA",
	"platIsPrebuiltAutogen":	"false",
	"platIsNoBootBsp":	"false",
	"hasFsblMakeHasChanges":	"false",
	"hasPmufwMakeHasChanges":	"false",
	"platPreBuiltFlag":	false,
	"platformSamplesDir":	"",
	"platActiveSys":	"mb_usb_hdmi_top",
	"systems":	[{
			"systemName":	"mb_usb_hdmi_top",
			"systemDesc":	"mb_usb_hdmi_top",
			"sysIsBootAutoGen":	"true",
			"systemDispName":	"mb_usb_hdmi_top",
			"sysActiveDom":	"standalone_microblaze_0",
			"sysDefaultDom":	"standalone_microblaze_0",
			"domains":	[{
					"domainName":	"standalone_microblaze_0",
					"domainDispName":	"standalone_microblaze_0",
					"domainDesc":	"standalone_microblaze_0",
					"processors":	"microblaze_0",
					"os":	"standalone",
					"sdxOs":	"standalone",
					"debugEnable":	"False",
					"domRuntimes":	["cpp"],
					"swRepo":	"",
					"mssOsVer":	"8.0",
					"mssFile":	"",
					"md5Digest":	"304529987e879521ca977c68d163f362",
					"compatibleApp":	"hello_world",
					"domType":	"mssDomain",
					"arch":	"32-bit",
					"appSettings":	{
						"appCompilerFlags":	"",
						"appLinkerFlags":	""
					},
					"addedLibs":	[],
					"libOptions":	{
						"libsContainingOptions":	[]
					},
					"prebuiltLibs":	{
						"prebuiltIncPath":	[],
						"prebuiltLibPath":	[]
					},
					"isolation":	{
					}
				}]
		}]
}
LOG::2024-11-19.20:15:23::SCWPlatform::Started generating the artifacts platform mb_usb_hdmi_top
TRACE::2024-11-19.20:15:23::SCWPlatform::Sanity checking of platform is completed
LOG::2024-11-19.20:15:23::SCWPlatform::Started generating the artifacts for system configuration mb_usb_hdmi_top
LOG::2024-11-19.20:15:23::SCWSystem::Checking the domain standalone_microblaze_0
LOG::2024-11-19.20:15:23::SCWSystem::Not a boot domain 
LOG::2024-11-19.20:15:23::SCWSystem::Started Processing the domain standalone_microblaze_0
TRACE::2024-11-19.20:15:23::SCWDomain::Generating domain artifcats
TRACE::2024-11-19.20:15:23::SCWMssOS::Generating standalone artifcats
TRACE::2024-11-19.20:15:23::SCWMssOS:: Copying the user libraries. 
TRACE::2024-11-19.20:15:23::SCWPlatform::Trying to open the hw design at D:/Desktop/lab6/workspace/mb_usb_hdmi_top/hw/mb_usb_hdmi_top.xsa
TRACE::2024-11-19.20:15:23::SCWPlatform::DSA given D:/Desktop/lab6/workspace/mb_usb_hdmi_top/hw/mb_usb_hdmi_top.xsa
TRACE::2024-11-19.20:15:23::SCWPlatform::DSA absoulate path D:/Desktop/lab6/workspace/mb_usb_hdmi_top/hw/mb_usb_hdmi_top.xsa
TRACE::2024-11-19.20:15:23::SCWPlatform::DSA directory D:/Desktop/lab6/workspace/mb_usb_hdmi_top/hw
TRACE::2024-11-19.20:15:23::SCWPlatform:: Platform Path D:/Desktop/lab6/workspace/mb_usb_hdmi_top/hw/mb_usb_hdmi_top.xsa
TRACE::2024-11-19.20:15:23::SCWPlatform:: Unique name xilinx:::0.0
TRACE::2024-11-19.20:15:23::SCWPlatform::Trying to set the existing hwdb with name mb_usb_hdmi_top_0
TRACE::2024-11-19.20:15:23::SCWPlatform::Opened existing hwdb mb_usb_hdmi_top_0
TRACE::2024-11-19.20:15:23::SCWPlatform::Found the Hw Db part of the input DSA
TRACE::2024-11-19.20:15:23::SCWMssOS::Checking the sw design at  D:/Desktop/lab6/workspace/mb_usb_hdmi_top/microblaze_0/standalone_microblaze_0/bsp/system.mss
TRACE::2024-11-19.20:15:23::SCWMssOS::DEBUG:  swdes dump  D:/Desktop/lab6/workspace/mb_usb_hdmi_top/microblaze_0/standalone_microblaze_0/bsp/system.mss|system||

TRACE::2024-11-19.20:15:23::SCWMssOS::Sw design exists and opened at  D:/Desktop/lab6/workspace/mb_usb_hdmi_top/microblaze_0/standalone_microblaze_0/bsp/system.mss
TRACE::2024-11-19.20:15:23::SCWMssOS::Completed writing the mss file at D:/Desktop/lab6/workspace/mb_usb_hdmi_top/microblaze_0/standalone_microblaze_0/bsp
TRACE::2024-11-19.20:15:23::SCWMssOS::Mss edits present, copying mssfile into export location D:/Desktop/lab6/workspace/mb_usb_hdmi_top/microblaze_0/standalone_microblaze_0/bsp/system.mss
TRACE::2024-11-19.20:15:23::SCWMssOS::bsp generated is upto date with the mss file. Skipping bsp generation.
TRACE::2024-11-19.20:15:23::SCWMssOS::BSP is already built. skipping the bsp build ... 
TRACE::2024-11-19.20:15:23::SCWDomain::Skipping the build for domain :  standalone_microblaze_0
TRACE::2024-11-19.20:15:23::SCWMssOS::skipping the bsp build ... 
TRACE::2024-11-19.20:15:23::SCWMssOS::Copying to export directory.
TRACE::2024-11-19.20:15:23::SCWMssOS:: Checking if to create the Supporting Applications
TRACE::2024-11-19.20:15:23::SCWMssOS:: No Linux domain exists, trying to generate FSBL 
LOG::2024-11-19.20:15:23::SCWSystem::Completed Processing the domain standalone_microblaze_0
LOG::2024-11-19.20:15:23::SCWSystem::Completed Processing the sysconfig mb_usb_hdmi_top
LOG::2024-11-19.20:15:23::SCWPlatform::Completed generating the artifacts for system configuration mb_usb_hdmi_top
TRACE::2024-11-19.20:15:23::SCWPlatform::Started preparing the platform 
TRACE::2024-11-19.20:15:23::SCWSystem::Writing the bif file for system config mb_usb_hdmi_top
TRACE::2024-11-19.20:15:23::SCWSystem::dir created 
TRACE::2024-11-19.20:15:23::SCWSystem::Writing the bif 
TRACE::2024-11-19.20:15:23::SCWPlatform::Started writing the spfm file 
TRACE::2024-11-19.20:15:23::SCWPlatform::Started writing the xpfm file 
TRACE::2024-11-19.20:15:23::SCWPlatform::Completed generating the platform
TRACE::2024-11-19.20:15:23::SCWMssOS::Saving the mss changes D:/Desktop/lab6/workspace/mb_usb_hdmi_top/microblaze_0/standalone_microblaze_0/bsp/system.mss
TRACE::2024-11-19.20:15:23::SCWMssOS::Found a swdesign opened with the mssfile.
TRACE::2024-11-19.20:15:23::SCWMssOS::Completed writemss as part of save.
TRACE::2024-11-19.20:15:23::SCWMssOS::Commit changes completed.
TRACE::2024-11-19.20:15:23::SCWPlatform::Trying to open the hw design at D:/Desktop/lab6/workspace/mb_usb_hdmi_top/hw/mb_usb_hdmi_top.xsa
TRACE::2024-11-19.20:15:23::SCWPlatform::DSA given D:/Desktop/lab6/workspace/mb_usb_hdmi_top/hw/mb_usb_hdmi_top.xsa
TRACE::2024-11-19.20:15:23::SCWPlatform::DSA absoulate path D:/Desktop/lab6/workspace/mb_usb_hdmi_top/hw/mb_usb_hdmi_top.xsa
TRACE::2024-11-19.20:15:23::SCWPlatform::DSA directory D:/Desktop/lab6/workspace/mb_usb_hdmi_top/hw
TRACE::2024-11-19.20:15:23::SCWPlatform:: Platform Path D:/Desktop/lab6/workspace/mb_usb_hdmi_top/hw/mb_usb_hdmi_top.xsa
TRACE::2024-11-19.20:15:23::SCWPlatform:: Unique name xilinx:::0.0
TRACE::2024-11-19.20:15:23::SCWPlatform::Trying to set the existing hwdb with name mb_usb_hdmi_top_0
TRACE::2024-11-19.20:15:23::SCWPlatform::Opened existing hwdb mb_usb_hdmi_top_0
TRACE::2024-11-19.20:15:23::SCWPlatform::Found the Hw Db part of the input DSA
TRACE::2024-11-19.20:15:23::SCWMssOS::Checking the sw design at  D:/Desktop/lab6/workspace/mb_usb_hdmi_top/microblaze_0/standalone_microblaze_0/bsp/system.mss
TRACE::2024-11-19.20:15:23::SCWMssOS::DEBUG:  swdes dump  D:/Desktop/lab6/workspace/mb_usb_hdmi_top/microblaze_0/standalone_microblaze_0/bsp/system.mss|system||

TRACE::2024-11-19.20:15:23::SCWMssOS::Sw design exists and opened at  D:/Desktop/lab6/workspace/mb_usb_hdmi_top/microblaze_0/standalone_microblaze_0/bsp/system.mss
TRACE::2024-11-19.20:15:23::SCWPlatform::Trying to open the hw design at D:/Desktop/lab6/workspace/mb_usb_hdmi_top/hw/mb_usb_hdmi_top.xsa
TRACE::2024-11-19.20:15:23::SCWPlatform::DSA given D:/Desktop/lab6/workspace/mb_usb_hdmi_top/hw/mb_usb_hdmi_top.xsa
TRACE::2024-11-19.20:15:23::SCWPlatform::DSA absoulate path D:/Desktop/lab6/workspace/mb_usb_hdmi_top/hw/mb_usb_hdmi_top.xsa
TRACE::2024-11-19.20:15:23::SCWPlatform::DSA directory D:/Desktop/lab6/workspace/mb_usb_hdmi_top/hw
TRACE::2024-11-19.20:15:23::SCWPlatform:: Platform Path D:/Desktop/lab6/workspace/mb_usb_hdmi_top/hw/mb_usb_hdmi_top.xsa
TRACE::2024-11-19.20:15:23::SCWPlatform:: Unique name xilinx:::0.0
TRACE::2024-11-19.20:15:23::SCWPlatform::Trying to set the existing hwdb with name mb_usb_hdmi_top_0
TRACE::2024-11-19.20:15:23::SCWPlatform::Opened existing hwdb mb_usb_hdmi_top_0
TRACE::2024-11-19.20:15:23::SCWPlatform::Found the Hw Db part of the input DSA
TRACE::2024-11-19.20:15:23::SCWMssOS::Checking the sw design at  D:/Desktop/lab6/workspace/mb_usb_hdmi_top/microblaze_0/standalone_microblaze_0/bsp/system.mss
TRACE::2024-11-19.20:15:23::SCWMssOS::DEBUG:  swdes dump  D:/Desktop/lab6/workspace/mb_usb_hdmi_top/microblaze_0/standalone_microblaze_0/bsp/system.mss|system||

TRACE::2024-11-19.20:15:23::SCWMssOS::Sw design exists and opened at  D:/Desktop/lab6/workspace/mb_usb_hdmi_top/microblaze_0/standalone_microblaze_0/bsp/system.mss
TRACE::2024-11-19.20:15:23::SCWPlatform::Trying to open the hw design at D:/Desktop/lab6/workspace/mb_usb_hdmi_top/hw/mb_usb_hdmi_top.xsa
TRACE::2024-11-19.20:15:23::SCWPlatform::DSA given D:/Desktop/lab6/workspace/mb_usb_hdmi_top/hw/mb_usb_hdmi_top.xsa
TRACE::2024-11-19.20:15:23::SCWPlatform::DSA absoulate path D:/Desktop/lab6/workspace/mb_usb_hdmi_top/hw/mb_usb_hdmi_top.xsa
TRACE::2024-11-19.20:15:23::SCWPlatform::DSA directory D:/Desktop/lab6/workspace/mb_usb_hdmi_top/hw
TRACE::2024-11-19.20:15:23::SCWPlatform:: Platform Path D:/Desktop/lab6/workspace/mb_usb_hdmi_top/hw/mb_usb_hdmi_top.xsa
TRACE::2024-11-19.20:15:23::SCWPlatform:: Unique name xilinx:::0.0
TRACE::2024-11-19.20:15:23::SCWPlatform::Trying to set the existing hwdb with name mb_usb_hdmi_top_0
TRACE::2024-11-19.20:15:23::SCWPlatform::Opened existing hwdb mb_usb_hdmi_top_0
TRACE::2024-11-19.20:15:23::SCWPlatform::Found the Hw Db part of the input DSA
TRACE::2024-11-19.20:15:23::SCWMssOS::Checking the sw design at  D:/Desktop/lab6/workspace/mb_usb_hdmi_top/microblaze_0/standalone_microblaze_0/bsp/system.mss
TRACE::2024-11-19.20:15:23::SCWMssOS::DEBUG:  swdes dump  D:/Desktop/lab6/workspace/mb_usb_hdmi_top/microblaze_0/standalone_microblaze_0/bsp/system.mss|system||

TRACE::2024-11-19.20:15:23::SCWMssOS::Sw design exists and opened at  D:/Desktop/lab6/workspace/mb_usb_hdmi_top/microblaze_0/standalone_microblaze_0/bsp/system.mss
TRACE::2024-11-19.20:15:23::SCWWriter::formatted JSON is {
	"platformName":	"mb_usb_hdmi_top",
	"sprVersion":	"2.0",
	"mode":	"gui",
	"dsaType":	"Fixed",
	"platformDesc":	"mb_usb_hdmi_top",
	"platHandOff":	"D:/Desktop/lab6/lab6_1/mb_usb_hdmi_top.xsa",
	"platIntHandOff":	"<platformDir>/hw/mb_usb_hdmi_top.xsa",
	"deviceType":	"FPGA",
	"platIsPrebuiltAutogen":	"false",
	"platIsNoBootBsp":	"false",
	"hasFsblMakeHasChanges":	"false",
	"hasPmufwMakeHasChanges":	"false",
	"platPreBuiltFlag":	false,
	"platformSamplesDir":	"",
	"platActiveSys":	"mb_usb_hdmi_top",
	"systems":	[{
			"systemName":	"mb_usb_hdmi_top",
			"systemDesc":	"mb_usb_hdmi_top",
			"sysIsBootAutoGen":	"true",
			"systemDispName":	"mb_usb_hdmi_top",
			"sysActiveDom":	"standalone_microblaze_0",
			"sysDefaultDom":	"standalone_microblaze_0",
			"domains":	[{
					"domainName":	"standalone_microblaze_0",
					"domainDispName":	"standalone_microblaze_0",
					"domainDesc":	"standalone_microblaze_0",
					"processors":	"microblaze_0",
					"os":	"standalone",
					"sdxOs":	"standalone",
					"debugEnable":	"False",
					"domRuntimes":	["cpp"],
					"swRepo":	"",
					"mssOsVer":	"8.0",
					"mssFile":	"",
					"md5Digest":	"304529987e879521ca977c68d163f362",
					"compatibleApp":	"hello_world",
					"domType":	"mssDomain",
					"arch":	"32-bit",
					"appSettings":	{
						"appCompilerFlags":	"",
						"appLinkerFlags":	""
					},
					"addedLibs":	[],
					"libOptions":	{
						"libsContainingOptions":	[]
					},
					"prebuiltLibs":	{
						"prebuiltIncPath":	[],
						"prebuiltLibPath":	[]
					},
					"isolation":	{
					}
				}]
		}]
}
KEYINFO::2024-11-19.20:15:23::SCWPlatform::updated the xpfm file.
TRACE::2024-11-19.20:15:24::SCWPlatform::Trying to open the hw design at D:/Desktop/lab6/workspace/mb_usb_hdmi_top/hw/mb_usb_hdmi_top.xsa
TRACE::2024-11-19.20:15:24::SCWPlatform::DSA given D:/Desktop/lab6/workspace/mb_usb_hdmi_top/hw/mb_usb_hdmi_top.xsa
TRACE::2024-11-19.20:15:24::SCWPlatform::DSA absoulate path D:/Desktop/lab6/workspace/mb_usb_hdmi_top/hw/mb_usb_hdmi_top.xsa
TRACE::2024-11-19.20:15:24::SCWPlatform::DSA directory D:/Desktop/lab6/workspace/mb_usb_hdmi_top/hw
TRACE::2024-11-19.20:15:24::SCWPlatform:: Platform Path D:/Desktop/lab6/workspace/mb_usb_hdmi_top/hw/mb_usb_hdmi_top.xsa
TRACE::2024-11-19.20:15:24::SCWPlatform:: Unique name xilinx:::0.0
TRACE::2024-11-19.20:15:24::SCWPlatform::Trying to set the existing hwdb with name mb_usb_hdmi_top_0
TRACE::2024-11-19.20:15:24::SCWPlatform::Opened existing hwdb mb_usb_hdmi_top_0
TRACE::2024-11-19.20:15:24::SCWPlatform::Found the Hw Db part of the input DSA
TRACE::2024-11-19.20:15:24::SCWMssOS::Checking the sw design at  D:/Desktop/lab6/workspace/mb_usb_hdmi_top/microblaze_0/standalone_microblaze_0/bsp/system.mss
TRACE::2024-11-19.20:15:24::SCWMssOS::DEBUG:  swdes dump  D:/Desktop/lab6/workspace/mb_usb_hdmi_top/microblaze_0/standalone_microblaze_0/bsp/system.mss|system||

TRACE::2024-11-19.20:15:24::SCWMssOS::Sw design exists and opened at  D:/Desktop/lab6/workspace/mb_usb_hdmi_top/microblaze_0/standalone_microblaze_0/bsp/system.mss
TRACE::2024-11-19.20:15:24::SCWMssOS::Saving the mss changes D:/Desktop/lab6/workspace/mb_usb_hdmi_top/microblaze_0/standalone_microblaze_0/bsp/system.mss
TRACE::2024-11-19.20:15:24::SCWMssOS::Found a swdesign opened with the mssfile.
TRACE::2024-11-19.20:15:24::SCWMssOS::Completed writemss as part of save.
TRACE::2024-11-19.20:15:24::SCWMssOS::Commit changes completed.
TRACE::2024-11-19.20:15:24::SCWPlatform::Trying to open the hw design at D:/Desktop/lab6/workspace/mb_usb_hdmi_top/hw/mb_usb_hdmi_top.xsa
TRACE::2024-11-19.20:15:24::SCWPlatform::DSA given D:/Desktop/lab6/workspace/mb_usb_hdmi_top/hw/mb_usb_hdmi_top.xsa
TRACE::2024-11-19.20:15:24::SCWPlatform::DSA absoulate path D:/Desktop/lab6/workspace/mb_usb_hdmi_top/hw/mb_usb_hdmi_top.xsa
TRACE::2024-11-19.20:15:24::SCWPlatform::DSA directory D:/Desktop/lab6/workspace/mb_usb_hdmi_top/hw
TRACE::2024-11-19.20:15:24::SCWPlatform:: Platform Path D:/Desktop/lab6/workspace/mb_usb_hdmi_top/hw/mb_usb_hdmi_top.xsa
TRACE::2024-11-19.20:15:24::SCWPlatform:: Unique name xilinx:::0.0
TRACE::2024-11-19.20:15:24::SCWPlatform::Trying to set the existing hwdb with name mb_usb_hdmi_top_0
TRACE::2024-11-19.20:15:24::SCWPlatform::Opened existing hwdb mb_usb_hdmi_top_0
TRACE::2024-11-19.20:15:24::SCWPlatform::Found the Hw Db part of the input DSA
TRACE::2024-11-19.20:15:24::SCWMssOS::Checking the sw design at  D:/Desktop/lab6/workspace/mb_usb_hdmi_top/microblaze_0/standalone_microblaze_0/bsp/system.mss
TRACE::2024-11-19.20:15:24::SCWMssOS::DEBUG:  swdes dump  D:/Desktop/lab6/workspace/mb_usb_hdmi_top/microblaze_0/standalone_microblaze_0/bsp/system.mss|system||

TRACE::2024-11-19.20:15:24::SCWMssOS::Sw design exists and opened at  D:/Desktop/lab6/workspace/mb_usb_hdmi_top/microblaze_0/standalone_microblaze_0/bsp/system.mss
TRACE::2024-11-19.20:15:24::SCWPlatform::Trying to open the hw design at D:/Desktop/lab6/workspace/mb_usb_hdmi_top/hw/mb_usb_hdmi_top.xsa
TRACE::2024-11-19.20:15:24::SCWPlatform::DSA given D:/Desktop/lab6/workspace/mb_usb_hdmi_top/hw/mb_usb_hdmi_top.xsa
TRACE::2024-11-19.20:15:24::SCWPlatform::DSA absoulate path D:/Desktop/lab6/workspace/mb_usb_hdmi_top/hw/mb_usb_hdmi_top.xsa
TRACE::2024-11-19.20:15:24::SCWPlatform::DSA directory D:/Desktop/lab6/workspace/mb_usb_hdmi_top/hw
TRACE::2024-11-19.20:15:24::SCWPlatform:: Platform Path D:/Desktop/lab6/workspace/mb_usb_hdmi_top/hw/mb_usb_hdmi_top.xsa
TRACE::2024-11-19.20:15:24::SCWPlatform:: Unique name xilinx:::0.0
TRACE::2024-11-19.20:15:24::SCWPlatform::Trying to set the existing hwdb with name mb_usb_hdmi_top_0
TRACE::2024-11-19.20:15:24::SCWPlatform::Opened existing hwdb mb_usb_hdmi_top_0
TRACE::2024-11-19.20:15:24::SCWPlatform::Found the Hw Db part of the input DSA
TRACE::2024-11-19.20:15:24::SCWMssOS::Checking the sw design at  D:/Desktop/lab6/workspace/mb_usb_hdmi_top/microblaze_0/standalone_microblaze_0/bsp/system.mss
TRACE::2024-11-19.20:15:24::SCWMssOS::DEBUG:  swdes dump  D:/Desktop/lab6/workspace/mb_usb_hdmi_top/microblaze_0/standalone_microblaze_0/bsp/system.mss|system||

TRACE::2024-11-19.20:15:24::SCWMssOS::Sw design exists and opened at  D:/Desktop/lab6/workspace/mb_usb_hdmi_top/microblaze_0/standalone_microblaze_0/bsp/system.mss
TRACE::2024-11-19.20:15:24::SCWPlatform::Trying to open the hw design at D:/Desktop/lab6/workspace/mb_usb_hdmi_top/hw/mb_usb_hdmi_top.xsa
TRACE::2024-11-19.20:15:24::SCWPlatform::DSA given D:/Desktop/lab6/workspace/mb_usb_hdmi_top/hw/mb_usb_hdmi_top.xsa
TRACE::2024-11-19.20:15:24::SCWPlatform::DSA absoulate path D:/Desktop/lab6/workspace/mb_usb_hdmi_top/hw/mb_usb_hdmi_top.xsa
TRACE::2024-11-19.20:15:24::SCWPlatform::DSA directory D:/Desktop/lab6/workspace/mb_usb_hdmi_top/hw
TRACE::2024-11-19.20:15:24::SCWPlatform:: Platform Path D:/Desktop/lab6/workspace/mb_usb_hdmi_top/hw/mb_usb_hdmi_top.xsa
TRACE::2024-11-19.20:15:24::SCWPlatform:: Unique name xilinx:::0.0
TRACE::2024-11-19.20:15:24::SCWPlatform::Trying to set the existing hwdb with name mb_usb_hdmi_top_0
TRACE::2024-11-19.20:15:24::SCWPlatform::Opened existing hwdb mb_usb_hdmi_top_0
TRACE::2024-11-19.20:15:24::SCWPlatform::Found the Hw Db part of the input DSA
TRACE::2024-11-19.20:15:24::SCWMssOS::Checking the sw design at  D:/Desktop/lab6/workspace/mb_usb_hdmi_top/microblaze_0/standalone_microblaze_0/bsp/system.mss
TRACE::2024-11-19.20:15:24::SCWMssOS::DEBUG:  swdes dump  D:/Desktop/lab6/workspace/mb_usb_hdmi_top/microblaze_0/standalone_microblaze_0/bsp/system.mss|system||

TRACE::2024-11-19.20:15:24::SCWMssOS::Sw design exists and opened at  D:/Desktop/lab6/workspace/mb_usb_hdmi_top/microblaze_0/standalone_microblaze_0/bsp/system.mss
TRACE::2024-11-19.20:15:24::SCWWriter::formatted JSON is {
	"platformName":	"mb_usb_hdmi_top",
	"sprVersion":	"2.0",
	"mode":	"gui",
	"dsaType":	"Fixed",
	"platformDesc":	"mb_usb_hdmi_top",
	"platHandOff":	"D:/Desktop/lab6/lab6_1/mb_usb_hdmi_top.xsa",
	"platIntHandOff":	"<platformDir>/hw/mb_usb_hdmi_top.xsa",
	"deviceType":	"FPGA",
	"platIsPrebuiltAutogen":	"false",
	"platIsNoBootBsp":	"false",
	"hasFsblMakeHasChanges":	"false",
	"hasPmufwMakeHasChanges":	"false",
	"platPreBuiltFlag":	false,
	"platformSamplesDir":	"",
	"platActiveSys":	"mb_usb_hdmi_top",
	"systems":	[{
			"systemName":	"mb_usb_hdmi_top",
			"systemDesc":	"mb_usb_hdmi_top",
			"sysIsBootAutoGen":	"true",
			"systemDispName":	"mb_usb_hdmi_top",
			"sysActiveDom":	"standalone_microblaze_0",
			"sysDefaultDom":	"standalone_microblaze_0",
			"domains":	[{
					"domainName":	"standalone_microblaze_0",
					"domainDispName":	"standalone_microblaze_0",
					"domainDesc":	"standalone_microblaze_0",
					"processors":	"microblaze_0",
					"os":	"standalone",
					"sdxOs":	"standalone",
					"debugEnable":	"False",
					"domRuntimes":	["cpp"],
					"swRepo":	"",
					"mssOsVer":	"8.0",
					"mssFile":	"",
					"md5Digest":	"304529987e879521ca977c68d163f362",
					"compatibleApp":	"hello_world",
					"domType":	"mssDomain",
					"arch":	"32-bit",
					"appSettings":	{
						"appCompilerFlags":	"",
						"appLinkerFlags":	""
					},
					"addedLibs":	[],
					"libOptions":	{
						"libsContainingOptions":	[]
					},
					"prebuiltLibs":	{
						"prebuiltIncPath":	[],
						"prebuiltLibPath":	[]
					},
					"isolation":	{
					}
				}]
		}]
}
TRACE::2024-11-19.20:15:24::SCWPlatform::Trying to open the hw design at D:/Desktop/lab6/workspace/mb_usb_hdmi_top/hw/mb_usb_hdmi_top.xsa
TRACE::2024-11-19.20:15:24::SCWPlatform::DSA given D:/Desktop/lab6/workspace/mb_usb_hdmi_top/hw/mb_usb_hdmi_top.xsa
TRACE::2024-11-19.20:15:24::SCWPlatform::DSA absoulate path D:/Desktop/lab6/workspace/mb_usb_hdmi_top/hw/mb_usb_hdmi_top.xsa
TRACE::2024-11-19.20:15:24::SCWPlatform::DSA directory D:/Desktop/lab6/workspace/mb_usb_hdmi_top/hw
TRACE::2024-11-19.20:15:24::SCWPlatform:: Platform Path D:/Desktop/lab6/workspace/mb_usb_hdmi_top/hw/mb_usb_hdmi_top.xsa
TRACE::2024-11-19.20:15:24::SCWPlatform:: Unique name xilinx:::0.0
TRACE::2024-11-19.20:15:24::SCWPlatform::Trying to set the existing hwdb with name mb_usb_hdmi_top_0
TRACE::2024-11-19.20:15:24::SCWPlatform::Opened existing hwdb mb_usb_hdmi_top_0
TRACE::2024-11-19.20:15:24::SCWPlatform::Found the Hw Db part of the input DSA
TRACE::2024-11-19.20:15:24::SCWMssOS::Checking the sw design at  D:/Desktop/lab6/workspace/mb_usb_hdmi_top/microblaze_0/standalone_microblaze_0/bsp/system.mss
TRACE::2024-11-19.20:15:24::SCWMssOS::DEBUG:  swdes dump  D:/Desktop/lab6/workspace/mb_usb_hdmi_top/microblaze_0/standalone_microblaze_0/bsp/system.mss|system||

TRACE::2024-11-19.20:15:24::SCWMssOS::Sw design exists and opened at  D:/Desktop/lab6/workspace/mb_usb_hdmi_top/microblaze_0/standalone_microblaze_0/bsp/system.mss
TRACE::2024-11-19.20:15:24::SCWPlatform::Trying to open the hw design at D:/Desktop/lab6/workspace/mb_usb_hdmi_top/hw/mb_usb_hdmi_top.xsa
TRACE::2024-11-19.20:15:24::SCWPlatform::DSA given D:/Desktop/lab6/workspace/mb_usb_hdmi_top/hw/mb_usb_hdmi_top.xsa
TRACE::2024-11-19.20:15:24::SCWPlatform::DSA absoulate path D:/Desktop/lab6/workspace/mb_usb_hdmi_top/hw/mb_usb_hdmi_top.xsa
TRACE::2024-11-19.20:15:24::SCWPlatform::DSA directory D:/Desktop/lab6/workspace/mb_usb_hdmi_top/hw
TRACE::2024-11-19.20:15:24::SCWPlatform:: Platform Path D:/Desktop/lab6/workspace/mb_usb_hdmi_top/hw/mb_usb_hdmi_top.xsa
TRACE::2024-11-19.20:15:24::SCWPlatform:: Unique name xilinx:::0.0
TRACE::2024-11-19.20:15:24::SCWPlatform::Trying to set the existing hwdb with name mb_usb_hdmi_top_0
TRACE::2024-11-19.20:15:24::SCWPlatform::Opened existing hwdb mb_usb_hdmi_top_0
TRACE::2024-11-19.20:15:24::SCWPlatform::Found the Hw Db part of the input DSA
TRACE::2024-11-19.20:15:24::SCWMssOS::Checking the sw design at  D:/Desktop/lab6/workspace/mb_usb_hdmi_top/microblaze_0/standalone_microblaze_0/bsp/system.mss
TRACE::2024-11-19.20:15:24::SCWMssOS::DEBUG:  swdes dump  D:/Desktop/lab6/workspace/mb_usb_hdmi_top/microblaze_0/standalone_microblaze_0/bsp/system.mss|system||

TRACE::2024-11-19.20:15:24::SCWMssOS::Sw design exists and opened at  D:/Desktop/lab6/workspace/mb_usb_hdmi_top/microblaze_0/standalone_microblaze_0/bsp/system.mss
TRACE::2024-11-19.20:15:24::SCWMssOS::Saving the mss changes D:/Desktop/lab6/workspace/mb_usb_hdmi_top/microblaze_0/standalone_microblaze_0/bsp/system.mss
TRACE::2024-11-19.20:15:24::SCWMssOS::Found a swdesign opened with the mssfile.
TRACE::2024-11-19.20:15:24::SCWMssOS::Completed writemss as part of save.
TRACE::2024-11-19.20:15:24::SCWMssOS::Commit changes completed.
TRACE::2024-11-19.20:15:24::SCWPlatform::Trying to open the hw design at D:/Desktop/lab6/workspace/mb_usb_hdmi_top/hw/mb_usb_hdmi_top.xsa
TRACE::2024-11-19.20:15:24::SCWPlatform::DSA given D:/Desktop/lab6/workspace/mb_usb_hdmi_top/hw/mb_usb_hdmi_top.xsa
TRACE::2024-11-19.20:15:24::SCWPlatform::DSA absoulate path D:/Desktop/lab6/workspace/mb_usb_hdmi_top/hw/mb_usb_hdmi_top.xsa
TRACE::2024-11-19.20:15:24::SCWPlatform::DSA directory D:/Desktop/lab6/workspace/mb_usb_hdmi_top/hw
TRACE::2024-11-19.20:15:24::SCWPlatform:: Platform Path D:/Desktop/lab6/workspace/mb_usb_hdmi_top/hw/mb_usb_hdmi_top.xsa
TRACE::2024-11-19.20:15:24::SCWPlatform:: Unique name xilinx:::0.0
TRACE::2024-11-19.20:15:24::SCWPlatform::Trying to set the existing hwdb with name mb_usb_hdmi_top_0
TRACE::2024-11-19.20:15:24::SCWPlatform::Opened existing hwdb mb_usb_hdmi_top_0
TRACE::2024-11-19.20:15:24::SCWPlatform::Found the Hw Db part of the input DSA
TRACE::2024-11-19.20:15:24::SCWMssOS::Checking the sw design at  D:/Desktop/lab6/workspace/mb_usb_hdmi_top/microblaze_0/standalone_microblaze_0/bsp/system.mss
TRACE::2024-11-19.20:15:24::SCWMssOS::DEBUG:  swdes dump  D:/Desktop/lab6/workspace/mb_usb_hdmi_top/microblaze_0/standalone_microblaze_0/bsp/system.mss|system||

TRACE::2024-11-19.20:15:24::SCWMssOS::Sw design exists and opened at  D:/Desktop/lab6/workspace/mb_usb_hdmi_top/microblaze_0/standalone_microblaze_0/bsp/system.mss
TRACE::2024-11-19.20:15:24::SCWPlatform::Trying to open the hw design at D:/Desktop/lab6/workspace/mb_usb_hdmi_top/hw/mb_usb_hdmi_top.xsa
TRACE::2024-11-19.20:15:24::SCWPlatform::DSA given D:/Desktop/lab6/workspace/mb_usb_hdmi_top/hw/mb_usb_hdmi_top.xsa
TRACE::2024-11-19.20:15:24::SCWPlatform::DSA absoulate path D:/Desktop/lab6/workspace/mb_usb_hdmi_top/hw/mb_usb_hdmi_top.xsa
TRACE::2024-11-19.20:15:24::SCWPlatform::DSA directory D:/Desktop/lab6/workspace/mb_usb_hdmi_top/hw
TRACE::2024-11-19.20:15:24::SCWPlatform:: Platform Path D:/Desktop/lab6/workspace/mb_usb_hdmi_top/hw/mb_usb_hdmi_top.xsa
TRACE::2024-11-19.20:15:24::SCWPlatform:: Unique name xilinx:::0.0
TRACE::2024-11-19.20:15:24::SCWPlatform::Trying to set the existing hwdb with name mb_usb_hdmi_top_0
TRACE::2024-11-19.20:15:24::SCWPlatform::Opened existing hwdb mb_usb_hdmi_top_0
TRACE::2024-11-19.20:15:24::SCWPlatform::Found the Hw Db part of the input DSA
TRACE::2024-11-19.20:15:24::SCWMssOS::Checking the sw design at  D:/Desktop/lab6/workspace/mb_usb_hdmi_top/microblaze_0/standalone_microblaze_0/bsp/system.mss
TRACE::2024-11-19.20:15:24::SCWMssOS::DEBUG:  swdes dump  D:/Desktop/lab6/workspace/mb_usb_hdmi_top/microblaze_0/standalone_microblaze_0/bsp/system.mss|system||

TRACE::2024-11-19.20:15:24::SCWMssOS::Sw design exists and opened at  D:/Desktop/lab6/workspace/mb_usb_hdmi_top/microblaze_0/standalone_microblaze_0/bsp/system.mss
TRACE::2024-11-19.20:15:24::SCWPlatform::Trying to open the hw design at D:/Desktop/lab6/workspace/mb_usb_hdmi_top/hw/mb_usb_hdmi_top.xsa
TRACE::2024-11-19.20:15:24::SCWPlatform::DSA given D:/Desktop/lab6/workspace/mb_usb_hdmi_top/hw/mb_usb_hdmi_top.xsa
TRACE::2024-11-19.20:15:24::SCWPlatform::DSA absoulate path D:/Desktop/lab6/workspace/mb_usb_hdmi_top/hw/mb_usb_hdmi_top.xsa
TRACE::2024-11-19.20:15:24::SCWPlatform::DSA directory D:/Desktop/lab6/workspace/mb_usb_hdmi_top/hw
TRACE::2024-11-19.20:15:24::SCWPlatform:: Platform Path D:/Desktop/lab6/workspace/mb_usb_hdmi_top/hw/mb_usb_hdmi_top.xsa
TRACE::2024-11-19.20:15:24::SCWPlatform:: Unique name xilinx:::0.0
TRACE::2024-11-19.20:15:24::SCWPlatform::Trying to set the existing hwdb with name mb_usb_hdmi_top_0
TRACE::2024-11-19.20:15:24::SCWPlatform::Opened existing hwdb mb_usb_hdmi_top_0
TRACE::2024-11-19.20:15:24::SCWPlatform::Found the Hw Db part of the input DSA
TRACE::2024-11-19.20:15:24::SCWMssOS::Checking the sw design at  D:/Desktop/lab6/workspace/mb_usb_hdmi_top/microblaze_0/standalone_microblaze_0/bsp/system.mss
TRACE::2024-11-19.20:15:24::SCWMssOS::DEBUG:  swdes dump  D:/Desktop/lab6/workspace/mb_usb_hdmi_top/microblaze_0/standalone_microblaze_0/bsp/system.mss|system||

TRACE::2024-11-19.20:15:24::SCWMssOS::Sw design exists and opened at  D:/Desktop/lab6/workspace/mb_usb_hdmi_top/microblaze_0/standalone_microblaze_0/bsp/system.mss
TRACE::2024-11-19.20:15:24::SCWWriter::formatted JSON is {
	"platformName":	"mb_usb_hdmi_top",
	"sprVersion":	"2.0",
	"mode":	"gui",
	"dsaType":	"Fixed",
	"platformDesc":	"mb_usb_hdmi_top",
	"platHandOff":	"D:/Desktop/lab6/lab6_1/mb_usb_hdmi_top.xsa",
	"platIntHandOff":	"<platformDir>/hw/mb_usb_hdmi_top.xsa",
	"deviceType":	"FPGA",
	"platIsPrebuiltAutogen":	"false",
	"platIsNoBootBsp":	"false",
	"hasFsblMakeHasChanges":	"false",
	"hasPmufwMakeHasChanges":	"false",
	"platPreBuiltFlag":	false,
	"platformSamplesDir":	"",
	"platActiveSys":	"mb_usb_hdmi_top",
	"systems":	[{
			"systemName":	"mb_usb_hdmi_top",
			"systemDesc":	"mb_usb_hdmi_top",
			"sysIsBootAutoGen":	"true",
			"systemDispName":	"mb_usb_hdmi_top",
			"sysActiveDom":	"standalone_microblaze_0",
			"sysDefaultDom":	"standalone_microblaze_0",
			"domains":	[{
					"domainName":	"standalone_microblaze_0",
					"domainDispName":	"standalone_microblaze_0",
					"domainDesc":	"standalone_microblaze_0",
					"processors":	"microblaze_0",
					"os":	"standalone",
					"sdxOs":	"standalone",
					"debugEnable":	"False",
					"domRuntimes":	["cpp"],
					"swRepo":	"",
					"mssOsVer":	"8.0",
					"mssFile":	"",
					"md5Digest":	"304529987e879521ca977c68d163f362",
					"compatibleApp":	"hello_world",
					"domType":	"mssDomain",
					"arch":	"32-bit",
					"appSettings":	{
						"appCompilerFlags":	"",
						"appLinkerFlags":	""
					},
					"addedLibs":	[],
					"libOptions":	{
						"libsContainingOptions":	[]
					},
					"prebuiltLibs":	{
						"prebuiltIncPath":	[],
						"prebuiltLibPath":	[]
					},
					"isolation":	{
					}
				}]
		}]
}
LOG::2024-11-19.20:15:24::SCWPlatform::Started generating the artifacts platform mb_usb_hdmi_top
TRACE::2024-11-19.20:15:24::SCWPlatform::Sanity checking of platform is completed
LOG::2024-11-19.20:15:24::SCWPlatform::Started generating the artifacts for system configuration mb_usb_hdmi_top
LOG::2024-11-19.20:15:24::SCWSystem::Started Processing the domain standalone_microblaze_0
TRACE::2024-11-19.20:15:24::SCWDomain::Generating domain artifcats
TRACE::2024-11-19.20:15:24::SCWMssOS::Generating standalone artifcats
TRACE::2024-11-19.20:15:24::SCWMssOS:: Copying the user libraries. 
TRACE::2024-11-19.20:15:24::SCWPlatform::Trying to open the hw design at D:/Desktop/lab6/workspace/mb_usb_hdmi_top/hw/mb_usb_hdmi_top.xsa
TRACE::2024-11-19.20:15:24::SCWPlatform::DSA given D:/Desktop/lab6/workspace/mb_usb_hdmi_top/hw/mb_usb_hdmi_top.xsa
TRACE::2024-11-19.20:15:24::SCWPlatform::DSA absoulate path D:/Desktop/lab6/workspace/mb_usb_hdmi_top/hw/mb_usb_hdmi_top.xsa
TRACE::2024-11-19.20:15:24::SCWPlatform::DSA directory D:/Desktop/lab6/workspace/mb_usb_hdmi_top/hw
TRACE::2024-11-19.20:15:24::SCWPlatform:: Platform Path D:/Desktop/lab6/workspace/mb_usb_hdmi_top/hw/mb_usb_hdmi_top.xsa
TRACE::2024-11-19.20:15:24::SCWPlatform:: Unique name xilinx:::0.0
TRACE::2024-11-19.20:15:24::SCWPlatform::Trying to set the existing hwdb with name mb_usb_hdmi_top_0
TRACE::2024-11-19.20:15:24::SCWPlatform::Opened existing hwdb mb_usb_hdmi_top_0
TRACE::2024-11-19.20:15:24::SCWPlatform::Found the Hw Db part of the input DSA
TRACE::2024-11-19.20:15:24::SCWMssOS::Checking the sw design at  D:/Desktop/lab6/workspace/mb_usb_hdmi_top/microblaze_0/standalone_microblaze_0/bsp/system.mss
TRACE::2024-11-19.20:15:24::SCWMssOS::DEBUG:  swdes dump  D:/Desktop/lab6/workspace/mb_usb_hdmi_top/microblaze_0/standalone_microblaze_0/bsp/system.mss|system||

TRACE::2024-11-19.20:15:24::SCWMssOS::Sw design exists and opened at  D:/Desktop/lab6/workspace/mb_usb_hdmi_top/microblaze_0/standalone_microblaze_0/bsp/system.mss
TRACE::2024-11-19.20:15:24::SCWMssOS::Completed writing the mss file at D:/Desktop/lab6/workspace/mb_usb_hdmi_top/microblaze_0/standalone_microblaze_0/bsp
TRACE::2024-11-19.20:15:24::SCWMssOS::Mss edits present, copying mssfile into export location D:/Desktop/lab6/workspace/mb_usb_hdmi_top/microblaze_0/standalone_microblaze_0/bsp/system.mss
TRACE::2024-11-19.20:15:24::SCWMssOS::bsp generated is upto date with the mss file. Skipping bsp generation.
TRACE::2024-11-19.20:15:24::SCWMssOS::BSP is already built. skipping the bsp build ... 
TRACE::2024-11-19.20:15:24::SCWDomain::Building the domain as part of full build :  standalone_microblaze_0
TRACE::2024-11-19.20:15:24::SCWMssOS::skipping the bsp build ... 
TRACE::2024-11-19.20:15:24::SCWMssOS::Copying to export directory.
TRACE::2024-11-19.20:15:24::SCWMssOS:: Checking if to create the Supporting Applications
TRACE::2024-11-19.20:15:24::SCWMssOS:: No Linux domain exists, trying to generate FSBL 
LOG::2024-11-19.20:15:24::SCWSystem::Completed Processing the domain standalone_microblaze_0
LOG::2024-11-19.20:15:24::SCWSystem::Completed Processing the sysconfig mb_usb_hdmi_top
LOG::2024-11-19.20:15:24::SCWPlatform::Completed generating the artifacts for system configuration mb_usb_hdmi_top
TRACE::2024-11-19.20:15:24::SCWPlatform::Started preparing the platform 
TRACE::2024-11-19.20:15:24::SCWSystem::Writing the bif file for system config mb_usb_hdmi_top
TRACE::2024-11-19.20:15:24::SCWSystem::dir created 
TRACE::2024-11-19.20:15:24::SCWSystem::Writing the bif 
TRACE::2024-11-19.20:15:24::SCWPlatform::Started writing the spfm file 
TRACE::2024-11-19.20:15:24::SCWPlatform::Started writing the xpfm file 
TRACE::2024-11-19.20:15:24::SCWPlatform::Completed generating the platform
TRACE::2024-11-19.20:15:24::SCWMssOS::Saving the mss changes D:/Desktop/lab6/workspace/mb_usb_hdmi_top/microblaze_0/standalone_microblaze_0/bsp/system.mss
TRACE::2024-11-19.20:15:24::SCWMssOS::Found a swdesign opened with the mssfile.
TRACE::2024-11-19.20:15:24::SCWMssOS::Completed writemss as part of save.
TRACE::2024-11-19.20:15:24::SCWMssOS::Commit changes completed.
TRACE::2024-11-19.20:15:24::SCWPlatform::Trying to open the hw design at D:/Desktop/lab6/workspace/mb_usb_hdmi_top/hw/mb_usb_hdmi_top.xsa
TRACE::2024-11-19.20:15:24::SCWPlatform::DSA given D:/Desktop/lab6/workspace/mb_usb_hdmi_top/hw/mb_usb_hdmi_top.xsa
TRACE::2024-11-19.20:15:24::SCWPlatform::DSA absoulate path D:/Desktop/lab6/workspace/mb_usb_hdmi_top/hw/mb_usb_hdmi_top.xsa
TRACE::2024-11-19.20:15:24::SCWPlatform::DSA directory D:/Desktop/lab6/workspace/mb_usb_hdmi_top/hw
TRACE::2024-11-19.20:15:24::SCWPlatform:: Platform Path D:/Desktop/lab6/workspace/mb_usb_hdmi_top/hw/mb_usb_hdmi_top.xsa
TRACE::2024-11-19.20:15:24::SCWPlatform:: Unique name xilinx:::0.0
TRACE::2024-11-19.20:15:24::SCWPlatform::Trying to set the existing hwdb with name mb_usb_hdmi_top_0
TRACE::2024-11-19.20:15:24::SCWPlatform::Opened existing hwdb mb_usb_hdmi_top_0
TRACE::2024-11-19.20:15:24::SCWPlatform::Found the Hw Db part of the input DSA
TRACE::2024-11-19.20:15:24::SCWMssOS::Checking the sw design at  D:/Desktop/lab6/workspace/mb_usb_hdmi_top/microblaze_0/standalone_microblaze_0/bsp/system.mss
TRACE::2024-11-19.20:15:24::SCWMssOS::DEBUG:  swdes dump  D:/Desktop/lab6/workspace/mb_usb_hdmi_top/microblaze_0/standalone_microblaze_0/bsp/system.mss|system||

TRACE::2024-11-19.20:15:24::SCWMssOS::Sw design exists and opened at  D:/Desktop/lab6/workspace/mb_usb_hdmi_top/microblaze_0/standalone_microblaze_0/bsp/system.mss
TRACE::2024-11-19.20:15:24::SCWPlatform::Trying to open the hw design at D:/Desktop/lab6/workspace/mb_usb_hdmi_top/hw/mb_usb_hdmi_top.xsa
TRACE::2024-11-19.20:15:24::SCWPlatform::DSA given D:/Desktop/lab6/workspace/mb_usb_hdmi_top/hw/mb_usb_hdmi_top.xsa
TRACE::2024-11-19.20:15:24::SCWPlatform::DSA absoulate path D:/Desktop/lab6/workspace/mb_usb_hdmi_top/hw/mb_usb_hdmi_top.xsa
TRACE::2024-11-19.20:15:24::SCWPlatform::DSA directory D:/Desktop/lab6/workspace/mb_usb_hdmi_top/hw
TRACE::2024-11-19.20:15:24::SCWPlatform:: Platform Path D:/Desktop/lab6/workspace/mb_usb_hdmi_top/hw/mb_usb_hdmi_top.xsa
TRACE::2024-11-19.20:15:24::SCWPlatform:: Unique name xilinx:::0.0
TRACE::2024-11-19.20:15:24::SCWPlatform::Trying to set the existing hwdb with name mb_usb_hdmi_top_0
TRACE::2024-11-19.20:15:24::SCWPlatform::Opened existing hwdb mb_usb_hdmi_top_0
TRACE::2024-11-19.20:15:24::SCWPlatform::Found the Hw Db part of the input DSA
TRACE::2024-11-19.20:15:24::SCWMssOS::Checking the sw design at  D:/Desktop/lab6/workspace/mb_usb_hdmi_top/microblaze_0/standalone_microblaze_0/bsp/system.mss
TRACE::2024-11-19.20:15:24::SCWMssOS::DEBUG:  swdes dump  D:/Desktop/lab6/workspace/mb_usb_hdmi_top/microblaze_0/standalone_microblaze_0/bsp/system.mss|system||

TRACE::2024-11-19.20:15:24::SCWMssOS::Sw design exists and opened at  D:/Desktop/lab6/workspace/mb_usb_hdmi_top/microblaze_0/standalone_microblaze_0/bsp/system.mss
TRACE::2024-11-19.20:15:24::SCWPlatform::Trying to open the hw design at D:/Desktop/lab6/workspace/mb_usb_hdmi_top/hw/mb_usb_hdmi_top.xsa
TRACE::2024-11-19.20:15:24::SCWPlatform::DSA given D:/Desktop/lab6/workspace/mb_usb_hdmi_top/hw/mb_usb_hdmi_top.xsa
TRACE::2024-11-19.20:15:24::SCWPlatform::DSA absoulate path D:/Desktop/lab6/workspace/mb_usb_hdmi_top/hw/mb_usb_hdmi_top.xsa
TRACE::2024-11-19.20:15:24::SCWPlatform::DSA directory D:/Desktop/lab6/workspace/mb_usb_hdmi_top/hw
TRACE::2024-11-19.20:15:24::SCWPlatform:: Platform Path D:/Desktop/lab6/workspace/mb_usb_hdmi_top/hw/mb_usb_hdmi_top.xsa
TRACE::2024-11-19.20:15:24::SCWPlatform:: Unique name xilinx:::0.0
TRACE::2024-11-19.20:15:24::SCWPlatform::Trying to set the existing hwdb with name mb_usb_hdmi_top_0
TRACE::2024-11-19.20:15:24::SCWPlatform::Opened existing hwdb mb_usb_hdmi_top_0
TRACE::2024-11-19.20:15:24::SCWPlatform::Found the Hw Db part of the input DSA
TRACE::2024-11-19.20:15:24::SCWMssOS::Checking the sw design at  D:/Desktop/lab6/workspace/mb_usb_hdmi_top/microblaze_0/standalone_microblaze_0/bsp/system.mss
TRACE::2024-11-19.20:15:24::SCWMssOS::DEBUG:  swdes dump  D:/Desktop/lab6/workspace/mb_usb_hdmi_top/microblaze_0/standalone_microblaze_0/bsp/system.mss|system||

TRACE::2024-11-19.20:15:24::SCWMssOS::Sw design exists and opened at  D:/Desktop/lab6/workspace/mb_usb_hdmi_top/microblaze_0/standalone_microblaze_0/bsp/system.mss
TRACE::2024-11-19.20:15:24::SCWWriter::formatted JSON is {
	"platformName":	"mb_usb_hdmi_top",
	"sprVersion":	"2.0",
	"mode":	"gui",
	"dsaType":	"Fixed",
	"platformDesc":	"mb_usb_hdmi_top",
	"platHandOff":	"D:/Desktop/lab6/lab6_1/mb_usb_hdmi_top.xsa",
	"platIntHandOff":	"<platformDir>/hw/mb_usb_hdmi_top.xsa",
	"deviceType":	"FPGA",
	"platIsPrebuiltAutogen":	"false",
	"platIsNoBootBsp":	"false",
	"hasFsblMakeHasChanges":	"false",
	"hasPmufwMakeHasChanges":	"false",
	"platPreBuiltFlag":	false,
	"platformSamplesDir":	"",
	"platActiveSys":	"mb_usb_hdmi_top",
	"systems":	[{
			"systemName":	"mb_usb_hdmi_top",
			"systemDesc":	"mb_usb_hdmi_top",
			"sysIsBootAutoGen":	"true",
			"systemDispName":	"mb_usb_hdmi_top",
			"sysActiveDom":	"standalone_microblaze_0",
			"sysDefaultDom":	"standalone_microblaze_0",
			"domains":	[{
					"domainName":	"standalone_microblaze_0",
					"domainDispName":	"standalone_microblaze_0",
					"domainDesc":	"standalone_microblaze_0",
					"processors":	"microblaze_0",
					"os":	"standalone",
					"sdxOs":	"standalone",
					"debugEnable":	"False",
					"domRuntimes":	["cpp"],
					"swRepo":	"",
					"mssOsVer":	"8.0",
					"mssFile":	"",
					"md5Digest":	"304529987e879521ca977c68d163f362",
					"compatibleApp":	"hello_world",
					"domType":	"mssDomain",
					"arch":	"32-bit",
					"appSettings":	{
						"appCompilerFlags":	"",
						"appLinkerFlags":	""
					},
					"addedLibs":	[],
					"libOptions":	{
						"libsContainingOptions":	[]
					},
					"prebuiltLibs":	{
						"prebuiltIncPath":	[],
						"prebuiltLibPath":	[]
					},
					"isolation":	{
					}
				}]
		}]
}
KEYINFO::2024-11-19.20:15:24::SCWPlatform::updated the xpfm file.
TRACE::2024-11-19.20:16:42::SCWMssOS::cleaning the bsp 
TRACE::2024-11-19.20:16:42::SCWMssOS::System Command Ran  D: & cd  D:/Desktop/lab6/workspace/mb_usb_hdmi_top/microblaze_0/standalone_microblaze_0/bsp & make clean 
TRACE::2024-11-19.20:16:42::SCWMssOS::make -C microblaze_0/libsrc/bram_v4_8/src -s clean 

TRACE::2024-11-19.20:16:42::SCWMssOS::make -C microblaze_0/libsrc/cpu_v2_16/src -s clean 

TRACE::2024-11-19.20:16:42::SCWMssOS::make -C microblaze_0/libsrc/gpio_v4_9/src -s clean 

TRACE::2024-11-19.20:16:42::SCWMssOS::make -C microblaze_0/libsrc/intc_v3_15/src -s clean 

TRACE::2024-11-19.20:16:42::SCWMssOS::make -C microblaze_0/libsrc/spi_v4_9/src -s clean 

TRACE::2024-11-19.20:16:42::SCWMssOS::make -C microblaze_0/libsrc/standalone_v8_0/src -s clean 

TRACE::2024-11-19.20:16:42::SCWMssOS::make -C microblaze_0/libsrc/tmrctr_v4_9/src -s clean 

TRACE::2024-11-19.20:16:42::SCWMssOS::make -C microblaze_0/libsrc/uartlite_v3_7/src -s clean 

TRACE::2024-11-19.20:16:42::SCWMssOS::rm -f microblaze_0/lib/libxil.a

LOG::2024-11-19.20:16:44::SCWPlatform::Started generating the artifacts platform mb_usb_hdmi_top
TRACE::2024-11-19.20:16:44::SCWPlatform::Sanity checking of platform is completed
LOG::2024-11-19.20:16:44::SCWPlatform::Started generating the artifacts for system configuration mb_usb_hdmi_top
LOG::2024-11-19.20:16:44::SCWSystem::Checking the domain standalone_microblaze_0
LOG::2024-11-19.20:16:44::SCWSystem::Not a boot domain 
LOG::2024-11-19.20:16:44::SCWSystem::Started Processing the domain standalone_microblaze_0
TRACE::2024-11-19.20:16:44::SCWDomain::Generating domain artifcats
TRACE::2024-11-19.20:16:44::SCWMssOS::Generating standalone artifcats
TRACE::2024-11-19.20:16:44::SCWMssOS:: Copying the user libraries. 
TRACE::2024-11-19.20:16:44::SCWPlatform::Trying to open the hw design at D:/Desktop/lab6/workspace/mb_usb_hdmi_top/hw/mb_usb_hdmi_top.xsa
TRACE::2024-11-19.20:16:44::SCWPlatform::DSA given D:/Desktop/lab6/workspace/mb_usb_hdmi_top/hw/mb_usb_hdmi_top.xsa
TRACE::2024-11-19.20:16:44::SCWPlatform::DSA absoulate path D:/Desktop/lab6/workspace/mb_usb_hdmi_top/hw/mb_usb_hdmi_top.xsa
TRACE::2024-11-19.20:16:44::SCWPlatform::DSA directory D:/Desktop/lab6/workspace/mb_usb_hdmi_top/hw
TRACE::2024-11-19.20:16:44::SCWPlatform:: Platform Path D:/Desktop/lab6/workspace/mb_usb_hdmi_top/hw/mb_usb_hdmi_top.xsa
TRACE::2024-11-19.20:16:44::SCWPlatform:: Unique name xilinx:::0.0
TRACE::2024-11-19.20:16:44::SCWPlatform::Trying to set the existing hwdb with name mb_usb_hdmi_top_0
TRACE::2024-11-19.20:16:44::SCWPlatform::Opened existing hwdb mb_usb_hdmi_top_0
TRACE::2024-11-19.20:16:44::SCWPlatform::Found the Hw Db part of the input DSA
TRACE::2024-11-19.20:16:44::SCWMssOS::Checking the sw design at  D:/Desktop/lab6/workspace/mb_usb_hdmi_top/microblaze_0/standalone_microblaze_0/bsp/system.mss
TRACE::2024-11-19.20:16:44::SCWMssOS::DEBUG:  swdes dump  D:/Desktop/lab6/workspace/mb_usb_hdmi_top/microblaze_0/standalone_microblaze_0/bsp/system.mss|system||

TRACE::2024-11-19.20:16:44::SCWMssOS::Sw design exists and opened at  D:/Desktop/lab6/workspace/mb_usb_hdmi_top/microblaze_0/standalone_microblaze_0/bsp/system.mss
TRACE::2024-11-19.20:16:44::SCWMssOS::Completed writing the mss file at D:/Desktop/lab6/workspace/mb_usb_hdmi_top/microblaze_0/standalone_microblaze_0/bsp
TRACE::2024-11-19.20:16:44::SCWMssOS::Mss edits present, copying mssfile into export location D:/Desktop/lab6/workspace/mb_usb_hdmi_top/microblaze_0/standalone_microblaze_0/bsp/system.mss
TRACE::2024-11-19.20:16:44::SCWMssOS::bsp generated is upto date with the mss file. Skipping bsp generation.
TRACE::2024-11-19.20:16:44::SCWMssOS::BSP is already built. skipping the bsp build ... 
TRACE::2024-11-19.20:16:44::SCWDomain::Building the domain as part of full build :  standalone_microblaze_0
TRACE::2024-11-19.20:16:44::SCWMssOS::doing bsp build ... 
TRACE::2024-11-19.20:16:44::SCWMssOS::System Command Ran  D: & cd  D:/Desktop/lab6/workspace/mb_usb_hdmi_top/microblaze_0/standalone_microblaze_0/bsp & make 
TRACE::2024-11-19.20:16:44::SCWMssOS::make --no-print-directory seq_libs

TRACE::2024-11-19.20:16:44::SCWMssOS::'Finished building libraries sequentially.'

TRACE::2024-11-19.20:16:44::SCWMssOS::make -j 14 --no-print-directory par_libs

TRACE::2024-11-19.20:16:44::SCWMssOS::"Running Make include in microblaze_0/libsrc/bram_v4_8/src"

TRACE::2024-11-19.20:16:44::SCWMssOS::"Running Make include in microblaze_0/libsrc/cpu_v2_16/src"

TRACE::2024-11-19.20:16:44::SCWMssOS::make -C microblaze_0/libsrc/bram_v4_8/src -s include  "SHELL=CMD" "COMPILER=mb-gcc" "ASSEMBLER=mb-as" "ARCHIVER=mb-ar" "COMPILE
TRACE::2024-11-19.20:16:44::SCWMssOS::R_FLAGS=  -O2 -c -mcpu=v11.0 -mlittle-endian -mno-xl-reorder -mno-xl-soft-mul -mxl-barrel-shift -mxl-pattern-compare" "EXTRA_CO
TRACE::2024-11-19.20:16:44::SCWMssOS::MPILER_FLAGS=-g -ffunction-sections -fdata-sections -Wall -Wextra -fno-tree-loop-distribute-patterns"

TRACE::2024-11-19.20:16:44::SCWMssOS::"Running Make include in microblaze_0/libsrc/gpio_v4_9/src"

TRACE::2024-11-19.20:16:44::SCWMssOS::make -C microblaze_0/libsrc/cpu_v2_16/src -s include  "SHELL=CMD" "COMPILER=mb-gcc" "ASSEMBLER=mb-as" "ARCHIVER=mb-ar" "COMPILE
TRACE::2024-11-19.20:16:44::SCWMssOS::R_FLAGS=  -O2 -c -mcpu=v11.0 -mlittle-endian -mno-xl-reorder -mno-xl-soft-mul -mxl-barrel-shift -mxl-pattern-compare" "EXTRA_CO
TRACE::2024-11-19.20:16:44::SCWMssOS::MPILER_FLAGS=-g -ffunction-sections -fdata-sections -Wall -Wextra -fno-tree-loop-distribute-patterns"

TRACE::2024-11-19.20:16:44::SCWMssOS::"Running Make include in microblaze_0/libsrc/intc_v3_15/src"

TRACE::2024-11-19.20:16:44::SCWMssOS::make -C microblaze_0/libsrc/gpio_v4_9/src -s include  "SHELL=CMD" "COMPILER=mb-gcc" "ASSEMBLER=mb-as" "ARCHIVER=mb-ar" "COMPILE
TRACE::2024-11-19.20:16:44::SCWMssOS::R_FLAGS=  -O2 -c -mcpu=v11.0 -mlittle-endian -mno-xl-reorder -mno-xl-soft-mul -mxl-barrel-shift -mxl-pattern-compare" "EXTRA_CO
TRACE::2024-11-19.20:16:44::SCWMssOS::MPILER_FLAGS=-g -ffunction-sections -fdata-sections -Wall -Wextra -fno-tree-loop-distribute-patterns"

TRACE::2024-11-19.20:16:44::SCWMssOS::make -C microblaze_0/libsrc/intc_v3_15/src -s include  "SHELL=CMD" "COMPILER=mb-gcc" "ASSEMBLER=mb-as" "ARCHIVER=mb-ar" "COMPIL
TRACE::2024-11-19.20:16:44::SCWMssOS::ER_FLAGS=  -O2 -c -mcpu=v11.0 -mlittle-endian -mno-xl-reorder -mno-xl-soft-mul -mxl-barrel-shift -mxl-pattern-compare" "EXTRA_C
TRACE::2024-11-19.20:16:44::SCWMssOS::OMPILER_FLAGS=-g -ffunction-sections -fdata-sections -Wall -Wextra -fno-tree-loop-distribute-patterns"

TRACE::2024-11-19.20:16:44::SCWMssOS::"Running Make include in microblaze_0/libsrc/spi_v4_9/src"

TRACE::2024-11-19.20:16:44::SCWMssOS::make -C microblaze_0/libsrc/spi_v4_9/src -s include  "SHELL=CMD" "COMPILER=mb-gcc" "ASSEMBLER=mb-as" "ARCHIVER=mb-ar" "COMPILER
TRACE::2024-11-19.20:16:44::SCWMssOS::_FLAGS=  -O2 -c -mcpu=v11.0 -mlittle-endian -mno-xl-reorder -mno-xl-soft-mul -mxl-barrel-shift -mxl-pattern-compare" "EXTRA_COM
TRACE::2024-11-19.20:16:44::SCWMssOS::PILER_FLAGS=-g -ffunction-sections -fdata-sections -Wall -Wextra -fno-tree-loop-distribute-patterns"

TRACE::2024-11-19.20:16:44::SCWMssOS::"Running Make include in microblaze_0/libsrc/standalone_v8_0/src"

TRACE::2024-11-19.20:16:44::SCWMssOS::make -C microblaze_0/libsrc/standalone_v8_0/src -s include  "SHELL=CMD" "COMPILER=mb-gcc" "ASSEMBLER=mb-as" "ARCHIVER=mb-ar" "C
TRACE::2024-11-19.20:16:44::SCWMssOS::OMPILER_FLAGS=  -O2 -c -mcpu=v11.0 -mlittle-endian -mno-xl-reorder -mno-xl-soft-mul -mxl-barrel-shift -mxl-pattern-compare" "EX
TRACE::2024-11-19.20:16:44::SCWMssOS::TRA_COMPILER_FLAGS=-g -ffunction-sections -fdata-sections -Wall -Wextra -fno-tree-loop-distribute-patterns"

TRACE::2024-11-19.20:16:44::SCWMssOS::"Running Make include in microblaze_0/libsrc/tmrctr_v4_9/src"

TRACE::2024-11-19.20:16:44::SCWMssOS::make -C microblaze_0/libsrc/tmrctr_v4_9/src -s include  "SHELL=CMD" "COMPILER=mb-gcc" "ASSEMBLER=mb-as" "ARCHIVER=mb-ar" "COMPI
TRACE::2024-11-19.20:16:44::SCWMssOS::LER_FLAGS=  -O2 -c -mcpu=v11.0 -mlittle-endian -mno-xl-reorder -mno-xl-soft-mul -mxl-barrel-shift -mxl-pattern-compare" "EXTRA_
TRACE::2024-11-19.20:16:44::SCWMssOS::COMPILER_FLAGS=-g -ffunction-sections -fdata-sections -Wall -Wextra -fno-tree-loop-distribute-patterns"

TRACE::2024-11-19.20:16:44::SCWMssOS::"Running Make include in microblaze_0/libsrc/uartlite_v3_7/src"

TRACE::2024-11-19.20:16:44::SCWMssOS::make -C microblaze_0/libsrc/uartlite_v3_7/src -s include  "SHELL=CMD" "COMPILER=mb-gcc" "ASSEMBLER=mb-as" "ARCHIVER=mb-ar" "COM
TRACE::2024-11-19.20:16:44::SCWMssOS::PILER_FLAGS=  -O2 -c -mcpu=v11.0 -mlittle-endian -mno-xl-reorder -mno-xl-soft-mul -mxl-barrel-shift -mxl-pattern-compare" "EXTR
TRACE::2024-11-19.20:16:44::SCWMssOS::A_COMPILER_FLAGS=-g -ffunction-sections -fdata-sections -Wall -Wextra -fno-tree-loop-distribute-patterns"

TRACE::2024-11-19.20:16:44::SCWMssOS::"Running Make libs in microblaze_0/libsrc/bram_v4_8/src"

TRACE::2024-11-19.20:16:44::SCWMssOS::"Running Make libs in microblaze_0/libsrc/cpu_v2_16/src"

TRACE::2024-11-19.20:16:44::SCWMssOS::make -C microblaze_0/libsrc/bram_v4_8/src -s libs  "SHELL=CMD" "COMPILER=mb-gcc" "ASSEMBLER=mb-as" "ARCHIVER=mb-ar" "COMPILER_F
TRACE::2024-11-19.20:16:44::SCWMssOS::LAGS=  -O2 -c -mcpu=v11.0 -mlittle-endian -mno-xl-reorder -mno-xl-soft-mul -mxl-barrel-shift -mxl-pattern-compare" "EXTRA_COMPI
TRACE::2024-11-19.20:16:44::SCWMssOS::LER_FLAGS=-g -ffunction-sections -fdata-sections -Wall -Wextra -fno-tree-loop-distribute-patterns"

TRACE::2024-11-19.20:16:44::SCWMssOS::"Running Make libs in microblaze_0/libsrc/gpio_v4_9/src"

TRACE::2024-11-19.20:16:44::SCWMssOS::make -C microblaze_0/libsrc/cpu_v2_16/src -s libs  "SHELL=CMD" "COMPILER=mb-gcc" "ASSEMBLER=mb-as" "ARCHIVER=mb-ar" "COMPILER_F
TRACE::2024-11-19.20:16:44::SCWMssOS::LAGS=  -O2 -c -mcpu=v11.0 -mlittle-endian -mno-xl-reorder -mno-xl-soft-mul -mxl-barrel-shift -mxl-pattern-compare" "EXTRA_COMPI
TRACE::2024-11-19.20:16:44::SCWMssOS::LER_FLAGS=-g -ffunction-sections -fdata-sections -Wall -Wextra -fno-tree-loop-distribute-patterns"

TRACE::2024-11-19.20:16:44::SCWMssOS::"Running Make libs in microblaze_0/libsrc/intc_v3_15/src"

TRACE::2024-11-19.20:16:44::SCWMssOS::make -C microblaze_0/libsrc/gpio_v4_9/src -s libs  "SHELL=CMD" "COMPILER=mb-gcc" "ASSEMBLER=mb-as" "ARCHIVER=mb-ar" "COMPILER_F
TRACE::2024-11-19.20:16:44::SCWMssOS::LAGS=  -O2 -c -mcpu=v11.0 -mlittle-endian -mno-xl-reorder -mno-xl-soft-mul -mxl-barrel-shift -mxl-pattern-compare" "EXTRA_COMPI
TRACE::2024-11-19.20:16:44::SCWMssOS::LER_FLAGS=-g -ffunction-sections -fdata-sections -Wall -Wextra -fno-tree-loop-distribute-patterns"

TRACE::2024-11-19.20:16:44::SCWMssOS::make -C microblaze_0/libsrc/intc_v3_15/src -s libs  "SHELL=CMD" "COMPILER=mb-gcc" "ASSEMBLER=mb-as" "ARCHIVER=mb-ar" "COMPILER_
TRACE::2024-11-19.20:16:44::SCWMssOS::FLAGS=  -O2 -c -mcpu=v11.0 -mlittle-endian -mno-xl-reorder -mno-xl-soft-mul -mxl-barrel-shift -mxl-pattern-compare" "EXTRA_COMP
TRACE::2024-11-19.20:16:44::SCWMssOS::ILER_FLAGS=-g -ffunction-sections -fdata-sections -Wall -Wextra -fno-tree-loop-distribute-patterns"

TRACE::2024-11-19.20:16:44::SCWMssOS::"Running Make libs in microblaze_0/libsrc/spi_v4_9/src"

TRACE::2024-11-19.20:16:44::SCWMssOS::make -C microblaze_0/libsrc/spi_v4_9/src -s libs  "SHELL=CMD" "COMPILER=mb-gcc" "ASSEMBLER=mb-as" "ARCHIVER=mb-ar" "COMPILER_FL
TRACE::2024-11-19.20:16:44::SCWMssOS::AGS=  -O2 -c -mcpu=v11.0 -mlittle-endian -mno-xl-reorder -mno-xl-soft-mul -mxl-barrel-shift -mxl-pattern-compare" "EXTRA_COMPIL
TRACE::2024-11-19.20:16:44::SCWMssOS::ER_FLAGS=-g -ffunction-sections -fdata-sections -Wall -Wextra -fno-tree-loop-distribute-patterns"

TRACE::2024-11-19.20:16:44::SCWMssOS::"Running Make libs in microblaze_0/libsrc/standalone_v8_0/src"

TRACE::2024-11-19.20:16:44::SCWMssOS::make -C microblaze_0/libsrc/standalone_v8_0/src -s libs  "SHELL=CMD" "COMPILER=mb-gcc" "ASSEMBLER=mb-as" "ARCHIVER=mb-ar" "COMP
TRACE::2024-11-19.20:16:44::SCWMssOS::ILER_FLAGS=  -O2 -c -mcpu=v11.0 -mlittle-endian -mno-xl-reorder -mno-xl-soft-mul -mxl-barrel-shift -mxl-pattern-compare" "EXTRA
TRACE::2024-11-19.20:16:44::SCWMssOS::_COMPILER_FLAGS=-g -ffunction-sections -fdata-sections -Wall -Wextra -fno-tree-loop-distribute-patterns"

TRACE::2024-11-19.20:16:44::SCWMssOS::"Running Make libs in microblaze_0/libsrc/tmrctr_v4_9/src"

TRACE::2024-11-19.20:16:44::SCWMssOS::make -C microblaze_0/libsrc/tmrctr_v4_9/src -s libs  "SHELL=CMD" "COMPILER=mb-gcc" "ASSEMBLER=mb-as" "ARCHIVER=mb-ar" "COMPILER
TRACE::2024-11-19.20:16:44::SCWMssOS::_FLAGS=  -O2 -c -mcpu=v11.0 -mlittle-endian -mno-xl-reorder -mno-xl-soft-mul -mxl-barrel-shift -mxl-pattern-compare" "EXTRA_COM
TRACE::2024-11-19.20:16:44::SCWMssOS::PILER_FLAGS=-g -ffunction-sections -fdata-sections -Wall -Wextra -fno-tree-loop-distribute-patterns"

TRACE::2024-11-19.20:16:44::SCWMssOS::"Running Make libs in microblaze_0/libsrc/uartlite_v3_7/src"

TRACE::2024-11-19.20:16:44::SCWMssOS::make -C microblaze_0/libsrc/uartlite_v3_7/src -s libs  "SHELL=CMD" "COMPILER=mb-gcc" "ASSEMBLER=mb-as" "ARCHIVER=mb-ar" "COMPIL
TRACE::2024-11-19.20:16:44::SCWMssOS::ER_FLAGS=  -O2 -c -mcpu=v11.0 -mlittle-endian -mno-xl-reorder -mno-xl-soft-mul -mxl-barrel-shift -mxl-pattern-compare" "EXTRA_C
TRACE::2024-11-19.20:16:44::SCWMssOS::OMPILER_FLAGS=-g -ffunction-sections -fdata-sections -Wall -Wextra -fno-tree-loop-distribute-patterns"

TRACE::2024-11-19.20:16:45::SCWMssOS::"DEBUG NON_LTO_OBJECTS is ../../../lib/microblaze_interrupt_handler.o"

TRACE::2024-11-19.20:16:45::SCWMssOS::'Finished building libraries parallelly.'

TRACE::2024-11-19.20:16:45::SCWMssOS::make --no-print-directory archive

TRACE::2024-11-19.20:16:45::SCWMssOS::mb-ar -r  microblaze_0/lib/libxil.a microblaze_0/lib/_exit.o microblaze_0/lib/errno.o microblaze_0/lib/fcntl.o microblaze_0/lib
TRACE::2024-11-19.20:16:45::SCWMssOS::/hw_exception_handler.o microblaze_0/lib/inbyte.o microblaze_0/lib/microblaze_disable_dcache.o microblaze_0/lib/microblaze_disa
TRACE::2024-11-19.20:16:45::SCWMssOS::ble_exceptions.o microblaze_0/lib/microblaze_disable_icache.o microblaze_0/lib/microblaze_disable_interrupts.o microblaze_0/lib
TRACE::2024-11-19.20:16:45::SCWMssOS::/microblaze_enable_dcache.o microblaze_0/lib/microblaze_enable_exceptions.o microblaze_0/lib/microblaze_enable_icache.o microbl
TRACE::2024-11-19.20:16:45::SCWMssOS::aze_0/lib/microblaze_enable_interrupts.o microblaze_0/lib/microblaze_exception_handler.o microblaze_0/lib/microblaze_flush_cach
TRACE::2024-11-19.20:16:45::SCWMssOS::e_ext.o microblaze_0/lib/microblaze_flush_cache_ext_range.o microblaze_0/lib/microblaze_flush_dcache.o microblaze_0/lib/microbl
TRACE::2024-11-19.20:16:45::SCWMssOS::aze_flush_dcache_range.o microblaze_0/lib/microblaze_init_dcache_range.o microblaze_0/lib/microblaze_init_icache_range.o microb
TRACE::2024-11-19.20:16:45::SCWMssOS::laze_0/lib/microblaze_interrupt_handler.o microblaze_0/lib/microblaze_interrupts_g.o microblaze_0/lib/microblaze_invalidate_cac
TRACE::2024-11-19.20:16:45::SCWMssOS::he_ext.o microblaze_0/lib/microblaze_invalidate_cache_ext_range.o microblaze_0/lib/microblaze_invalidate_dcache.o microblaze_0/
TRACE::2024-11-19.20:16:45::SCWMssOS::lib/microblaze_invalidate_dcache_range.o microblaze_0/lib/microblaze_invalidate_icache.o microblaze_0/lib/microblaze_invalidate
TRACE::2024-11-19.20:16:45::SCWMssOS::_icache_range.o microblaze_0/lib/microblaze_scrub.o microblaze_0/lib/microblaze_selftest.o microblaze_0/lib/microblaze_sleep.o 
TRACE::2024-11-19.20:16:45::SCWMssOS::microblaze_0/lib/microblaze_update_dcache.o microblaze_0/lib/microblaze_update_icache.o microblaze_0/lib/outbyte.o microblaze_0
TRACE::2024-11-19.20:16:45::SCWMssOS::/lib/print.o microblaze_0/lib/pvr.o microblaze_0/lib/xbram.o microblaze_0/lib/xbram_g.o microblaze_0/lib/xbram_intr.o microblaz
TRACE::2024-11-19.20:16:45::SCWMssOS::e_0/lib/xbram_selftest.o microblaze_0/lib/xbram_sinit.o microblaze_0/lib/xgpio.o microblaze_0/lib/xgpio_extra.o microblaze_0/li
TRACE::2024-11-19.20:16:45::SCWMssOS::b/xgpio_g.o microblaze_0/lib/xgpio_intr.o microblaze_0/lib/xgpio_selftest.o microblaze_0/lib/xgpio_sinit.o microblaze_0/lib/xil
TRACE::2024-11-19.20:16:45::SCWMssOS::_assert.o microblaze_0/lib/xil_cache.o microblaze_0/lib/xil_clocking.o microblaze_0/lib/xil_exception.o microblaze_0/lib/xil_me
TRACE::2024-11-19.20:16:45::SCWMssOS::m.o microblaze_0/lib/xil_misc_psreset_api.o microblaze_0/lib/xil_printf.o microblaze_0/lib/xil_sleepcommon.o microblaze_0/lib/x
TRACE::2024-11-19.20:16:45::SCWMssOS::il_testcache.o microblaze_0/lib/xil_testio.o microblaze_0/lib/xil_testmem.o microblaze_0/lib/xil_util.o microblaze_0/lib/xintc.
TRACE::2024-11-19.20:16:45::SCWMssOS::o microblaze_0/lib/xintc_g.o microblaze_0/lib/xintc_intr.o microblaze_0/lib/xintc_l.o microblaze_0/lib/xintc_options.o microbla
TRACE::2024-11-19.20:16:45::SCWMssOS::ze_0/lib/xintc_selftest.o microblaze_0/lib/xinterrupt_wrap.o microblaze_0/lib/xio.o microblaze_0/lib/xplatform_info.o microblaz
TRACE::2024-11-19.20:16:45::SCWMssOS::e_0/lib/xspi.o microblaze_0/lib/xspi_g.o microblaze_0/lib/xspi_options.o microblaze_0/lib/xspi_selftest.o microblaze_0/lib/xspi
TRACE::2024-11-19.20:16:45::SCWMssOS::_sinit.o microblaze_0/lib/xspi_stats.o microblaze_0/lib/xtmrctr.o microblaze_0/lib/xtmrctr_g.o microblaze_0/lib/xtmrctr_intr.o 
TRACE::2024-11-19.20:16:45::SCWMssOS::microblaze_0/lib/xtmrctr_l.o microblaze_0/lib/xtmrctr_options.o microblaze_0/lib/xtmrctr_selftest.o microblaze_0/lib/xtmrctr_si
TRACE::2024-11-19.20:16:45::SCWMssOS::nit.o microblaze_0/lib/xtmrctr_stats.o microblaze_0/lib/xuartlite.o microblaze_0/lib/xuartlite_g.o microblaze_0/lib/xuartlite_i
TRACE::2024-11-19.20:16:45::SCWMssOS::ntr.o microblaze_0/lib/xuartlite_l.o microblaze_0/lib/xuartlite_selftest.o microblaze_0/lib/xuartlite_sinit.o microblaze_0/lib/
TRACE::2024-11-19.20:16:45::SCWMssOS::xuartlite_stats.o

TRACE::2024-11-19.20:16:45::SCWMssOS::'Finished building libraries'

TRACE::2024-11-19.20:16:45::SCWMssOS::Copying to export directory.
TRACE::2024-11-19.20:16:45::SCWMssOS:: Checking if to create the Supporting Applications
TRACE::2024-11-19.20:16:45::SCWMssOS:: No Linux domain exists, trying to generate FSBL 
LOG::2024-11-19.20:16:45::SCWSystem::Completed Processing the domain standalone_microblaze_0
LOG::2024-11-19.20:16:45::SCWSystem::Completed Processing the sysconfig mb_usb_hdmi_top
LOG::2024-11-19.20:16:45::SCWPlatform::Completed generating the artifacts for system configuration mb_usb_hdmi_top
TRACE::2024-11-19.20:16:45::SCWPlatform::Started preparing the platform 
TRACE::2024-11-19.20:16:45::SCWSystem::Writing the bif file for system config mb_usb_hdmi_top
TRACE::2024-11-19.20:16:45::SCWSystem::dir created 
TRACE::2024-11-19.20:16:45::SCWSystem::Writing the bif 
TRACE::2024-11-19.20:16:45::SCWPlatform::Started writing the spfm file 
TRACE::2024-11-19.20:16:45::SCWPlatform::Started writing the xpfm file 
TRACE::2024-11-19.20:16:45::SCWPlatform::Completed generating the platform
TRACE::2024-11-19.20:16:45::SCWMssOS::Saving the mss changes D:/Desktop/lab6/workspace/mb_usb_hdmi_top/microblaze_0/standalone_microblaze_0/bsp/system.mss
TRACE::2024-11-19.20:16:45::SCWMssOS::Found a swdesign opened with the mssfile.
TRACE::2024-11-19.20:16:45::SCWMssOS::Completed writemss as part of save.
TRACE::2024-11-19.20:16:45::SCWMssOS::Commit changes completed.
TRACE::2024-11-19.20:16:45::SCWPlatform::Trying to open the hw design at D:/Desktop/lab6/workspace/mb_usb_hdmi_top/hw/mb_usb_hdmi_top.xsa
TRACE::2024-11-19.20:16:45::SCWPlatform::DSA given D:/Desktop/lab6/workspace/mb_usb_hdmi_top/hw/mb_usb_hdmi_top.xsa
TRACE::2024-11-19.20:16:45::SCWPlatform::DSA absoulate path D:/Desktop/lab6/workspace/mb_usb_hdmi_top/hw/mb_usb_hdmi_top.xsa
TRACE::2024-11-19.20:16:45::SCWPlatform::DSA directory D:/Desktop/lab6/workspace/mb_usb_hdmi_top/hw
TRACE::2024-11-19.20:16:45::SCWPlatform:: Platform Path D:/Desktop/lab6/workspace/mb_usb_hdmi_top/hw/mb_usb_hdmi_top.xsa
TRACE::2024-11-19.20:16:45::SCWPlatform:: Unique name xilinx:::0.0
TRACE::2024-11-19.20:16:45::SCWPlatform::Trying to set the existing hwdb with name mb_usb_hdmi_top_0
TRACE::2024-11-19.20:16:45::SCWPlatform::Opened existing hwdb mb_usb_hdmi_top_0
TRACE::2024-11-19.20:16:45::SCWPlatform::Found the Hw Db part of the input DSA
TRACE::2024-11-19.20:16:45::SCWMssOS::Checking the sw design at  D:/Desktop/lab6/workspace/mb_usb_hdmi_top/microblaze_0/standalone_microblaze_0/bsp/system.mss
TRACE::2024-11-19.20:16:45::SCWMssOS::DEBUG:  swdes dump  D:/Desktop/lab6/workspace/mb_usb_hdmi_top/microblaze_0/standalone_microblaze_0/bsp/system.mss|system||

TRACE::2024-11-19.20:16:45::SCWMssOS::Sw design exists and opened at  D:/Desktop/lab6/workspace/mb_usb_hdmi_top/microblaze_0/standalone_microblaze_0/bsp/system.mss
TRACE::2024-11-19.20:16:45::SCWPlatform::Trying to open the hw design at D:/Desktop/lab6/workspace/mb_usb_hdmi_top/hw/mb_usb_hdmi_top.xsa
TRACE::2024-11-19.20:16:45::SCWPlatform::DSA given D:/Desktop/lab6/workspace/mb_usb_hdmi_top/hw/mb_usb_hdmi_top.xsa
TRACE::2024-11-19.20:16:45::SCWPlatform::DSA absoulate path D:/Desktop/lab6/workspace/mb_usb_hdmi_top/hw/mb_usb_hdmi_top.xsa
TRACE::2024-11-19.20:16:45::SCWPlatform::DSA directory D:/Desktop/lab6/workspace/mb_usb_hdmi_top/hw
TRACE::2024-11-19.20:16:45::SCWPlatform:: Platform Path D:/Desktop/lab6/workspace/mb_usb_hdmi_top/hw/mb_usb_hdmi_top.xsa
TRACE::2024-11-19.20:16:45::SCWPlatform:: Unique name xilinx:::0.0
TRACE::2024-11-19.20:16:45::SCWPlatform::Trying to set the existing hwdb with name mb_usb_hdmi_top_0
TRACE::2024-11-19.20:16:45::SCWPlatform::Opened existing hwdb mb_usb_hdmi_top_0
TRACE::2024-11-19.20:16:45::SCWPlatform::Found the Hw Db part of the input DSA
TRACE::2024-11-19.20:16:45::SCWMssOS::Checking the sw design at  D:/Desktop/lab6/workspace/mb_usb_hdmi_top/microblaze_0/standalone_microblaze_0/bsp/system.mss
TRACE::2024-11-19.20:16:45::SCWMssOS::DEBUG:  swdes dump  D:/Desktop/lab6/workspace/mb_usb_hdmi_top/microblaze_0/standalone_microblaze_0/bsp/system.mss|system||

TRACE::2024-11-19.20:16:45::SCWMssOS::Sw design exists and opened at  D:/Desktop/lab6/workspace/mb_usb_hdmi_top/microblaze_0/standalone_microblaze_0/bsp/system.mss
TRACE::2024-11-19.20:16:45::SCWPlatform::Trying to open the hw design at D:/Desktop/lab6/workspace/mb_usb_hdmi_top/hw/mb_usb_hdmi_top.xsa
TRACE::2024-11-19.20:16:45::SCWPlatform::DSA given D:/Desktop/lab6/workspace/mb_usb_hdmi_top/hw/mb_usb_hdmi_top.xsa
TRACE::2024-11-19.20:16:45::SCWPlatform::DSA absoulate path D:/Desktop/lab6/workspace/mb_usb_hdmi_top/hw/mb_usb_hdmi_top.xsa
TRACE::2024-11-19.20:16:45::SCWPlatform::DSA directory D:/Desktop/lab6/workspace/mb_usb_hdmi_top/hw
TRACE::2024-11-19.20:16:45::SCWPlatform:: Platform Path D:/Desktop/lab6/workspace/mb_usb_hdmi_top/hw/mb_usb_hdmi_top.xsa
TRACE::2024-11-19.20:16:45::SCWPlatform:: Unique name xilinx:::0.0
TRACE::2024-11-19.20:16:45::SCWPlatform::Trying to set the existing hwdb with name mb_usb_hdmi_top_0
TRACE::2024-11-19.20:16:45::SCWPlatform::Opened existing hwdb mb_usb_hdmi_top_0
TRACE::2024-11-19.20:16:45::SCWPlatform::Found the Hw Db part of the input DSA
TRACE::2024-11-19.20:16:45::SCWMssOS::Checking the sw design at  D:/Desktop/lab6/workspace/mb_usb_hdmi_top/microblaze_0/standalone_microblaze_0/bsp/system.mss
TRACE::2024-11-19.20:16:45::SCWMssOS::DEBUG:  swdes dump  D:/Desktop/lab6/workspace/mb_usb_hdmi_top/microblaze_0/standalone_microblaze_0/bsp/system.mss|system||

TRACE::2024-11-19.20:16:45::SCWMssOS::Sw design exists and opened at  D:/Desktop/lab6/workspace/mb_usb_hdmi_top/microblaze_0/standalone_microblaze_0/bsp/system.mss
TRACE::2024-11-19.20:16:45::SCWWriter::formatted JSON is {
	"platformName":	"mb_usb_hdmi_top",
	"sprVersion":	"2.0",
	"mode":	"gui",
	"dsaType":	"Fixed",
	"platformDesc":	"mb_usb_hdmi_top",
	"platHandOff":	"D:/Desktop/lab6/lab6_1/mb_usb_hdmi_top.xsa",
	"platIntHandOff":	"<platformDir>/hw/mb_usb_hdmi_top.xsa",
	"deviceType":	"FPGA",
	"platIsPrebuiltAutogen":	"false",
	"platIsNoBootBsp":	"false",
	"hasFsblMakeHasChanges":	"false",
	"hasPmufwMakeHasChanges":	"false",
	"platPreBuiltFlag":	false,
	"platformSamplesDir":	"",
	"platActiveSys":	"mb_usb_hdmi_top",
	"systems":	[{
			"systemName":	"mb_usb_hdmi_top",
			"systemDesc":	"mb_usb_hdmi_top",
			"sysIsBootAutoGen":	"true",
			"systemDispName":	"mb_usb_hdmi_top",
			"sysActiveDom":	"standalone_microblaze_0",
			"sysDefaultDom":	"standalone_microblaze_0",
			"domains":	[{
					"domainName":	"standalone_microblaze_0",
					"domainDispName":	"standalone_microblaze_0",
					"domainDesc":	"standalone_microblaze_0",
					"processors":	"microblaze_0",
					"os":	"standalone",
					"sdxOs":	"standalone",
					"debugEnable":	"False",
					"domRuntimes":	["cpp"],
					"swRepo":	"",
					"mssOsVer":	"8.0",
					"mssFile":	"",
					"md5Digest":	"304529987e879521ca977c68d163f362",
					"compatibleApp":	"hello_world",
					"domType":	"mssDomain",
					"arch":	"32-bit",
					"appSettings":	{
						"appCompilerFlags":	"",
						"appLinkerFlags":	""
					},
					"addedLibs":	[],
					"libOptions":	{
						"libsContainingOptions":	[]
					},
					"prebuiltLibs":	{
						"prebuiltIncPath":	[],
						"prebuiltLibPath":	[]
					},
					"isolation":	{
					}
				}]
		}]
}
KEYINFO::2024-11-19.20:16:45::SCWPlatform::updated the xpfm file.
TRACE::2024-11-19.20:16:45::SCWPlatform::Trying to open the hw design at D:/Desktop/lab6/workspace/mb_usb_hdmi_top/hw/mb_usb_hdmi_top.xsa
TRACE::2024-11-19.20:16:45::SCWPlatform::DSA given D:/Desktop/lab6/workspace/mb_usb_hdmi_top/hw/mb_usb_hdmi_top.xsa
TRACE::2024-11-19.20:16:45::SCWPlatform::DSA absoulate path D:/Desktop/lab6/workspace/mb_usb_hdmi_top/hw/mb_usb_hdmi_top.xsa
TRACE::2024-11-19.20:16:45::SCWPlatform::DSA directory D:/Desktop/lab6/workspace/mb_usb_hdmi_top/hw
TRACE::2024-11-19.20:16:45::SCWPlatform:: Platform Path D:/Desktop/lab6/workspace/mb_usb_hdmi_top/hw/mb_usb_hdmi_top.xsa
TRACE::2024-11-19.20:16:45::SCWPlatform:: Unique name xilinx:::0.0
TRACE::2024-11-19.20:16:45::SCWPlatform::Trying to set the existing hwdb with name mb_usb_hdmi_top_0
TRACE::2024-11-19.20:16:45::SCWPlatform::Opened existing hwdb mb_usb_hdmi_top_0
TRACE::2024-11-19.20:16:45::SCWPlatform::Found the Hw Db part of the input DSA
TRACE::2024-11-19.20:16:45::SCWMssOS::Checking the sw design at  D:/Desktop/lab6/workspace/mb_usb_hdmi_top/microblaze_0/standalone_microblaze_0/bsp/system.mss
TRACE::2024-11-19.20:16:45::SCWMssOS::DEBUG:  swdes dump  D:/Desktop/lab6/workspace/mb_usb_hdmi_top/microblaze_0/standalone_microblaze_0/bsp/system.mss|system||

TRACE::2024-11-19.20:16:45::SCWMssOS::Sw design exists and opened at  D:/Desktop/lab6/workspace/mb_usb_hdmi_top/microblaze_0/standalone_microblaze_0/bsp/system.mss
