INFO: [VRFC 10-2263] Analyzing Verilog file "U:/Desktop/385/ECE385/lab6/lab6_1/lab6_1.ip_user_files/bd/mb_block/ip/mb_block_lmb_bram_0/sim/mb_block_lmb_bram_0.v" into library xil_defaultlib
INFO: [VRFC 10-311] analyzing module mb_block_lmb_bram_0
INFO: [VRFC 10-2263] Analyzing Verilog file "U:/Desktop/385/ECE385/lab6/lab6_1/lab6_1.ip_user_files/bd/mb_block/ip/mb_block_xbar_0/sim/mb_block_xbar_0.v" into library xil_defaultlib
INFO: [VRFC 10-311] analyzing module mb_block_xbar_0
INFO: [VRFC 10-2263] Analyzing Verilog file "U:/Desktop/385/ECE385/lab6/lab6_1/lab6_1.ip_user_files/bd/mb_block/ip/mb_block_clk_wiz_1_0/mb_block_clk_wiz_1_0_clk_wiz.v" into library xil_defaultlib
INFO: [VRFC 10-311] analyzing module mb_block_clk_wiz_1_0_clk_wiz
INFO: [VRFC 10-2263] Analyzing Verilog file "U:/Desktop/385/ECE385/lab6/lab6_1/lab6_1.ip_user_files/bd/mb_block/ip/mb_block_clk_wiz_1_0/mb_block_clk_wiz_1_0.v" into library xil_defaultlib
INFO: [VRFC 10-311] analyzing module mb_block_clk_wiz_1_0
INFO: [VRFC 10-2263] Analyzing Verilog file "U:/Desktop/385/ECE385/lab6/lab6_1/lab6_1.ip_user_files/bd/mb_block/ip/mb_block_xlconcat_0_0/sim/mb_block_xlconcat_0_0.v" into library xil_defaultlib
INFO: [VRFC 10-311] analyzing module mb_block_xlconcat_0_0
INFO: [VRFC 10-2263] Analyzing Verilog file "U:/Desktop/385/ECE385/lab6/lab6_1/lab6_1.ip_user_files/bd/mb_block/sim/mb_block.v" into library xil_defaultlib
INFO: [VRFC 10-311] analyzing module m00_couplers_imp_1TK4492
INFO: [VRFC 10-311] analyzing module m01_couplers_imp_UT2LJ
INFO: [VRFC 10-311] analyzing module m02_couplers_imp_1ST4AV9
INFO: [VRFC 10-311] analyzing module m03_couplers_imp_1VI1NO
INFO: [VRFC 10-311] analyzing module m04_couplers_imp_1SCR8U8
INFO: [VRFC 10-311] analyzing module m05_couplers_imp_2FAMHT
INFO: [VRFC 10-311] analyzing module m06_couplers_imp_1QRRYF7
INFO: [VRFC 10-311] analyzing module mb_block
INFO: [VRFC 10-311] analyzing module mb_block_microblaze_0_axi_periph_0
INFO: [VRFC 10-311] analyzing module microblaze_0_local_memory_imp_G5BFEQ
INFO: [VRFC 10-311] analyzing module s00_couplers_imp_5YIJ0K
INFO: [VRFC 10-2263] Analyzing Verilog file "U:/Desktop/385/ECE385/lab6/lab6_1/lab6_1.gen/sources_1/bd/mb_block/hdl/mb_block_wrapper.v" into library xil_defaultlib
INFO: [VRFC 10-311] analyzing module mb_block_wrapper
INFO: [VRFC 10-2263] Analyzing Verilog file "U:/Desktop/385/ECE385/lab6/lab6_1/lab6_1.sim/sim_1/behav/xsim/glbl.v" into library xil_defaultlib
INFO: [VRFC 10-311] analyzing module glbl
